This is pdfTeX, Version 3.141592653-2.6-1.40.22 (MiKTeX 21.3) (preloaded format=latex 2021.4.14)  15 APR 2021 17:20
entering extended mode
**\makeatletter\def\HCode{\futurelet\HCode\HChar}\def\HChar{\ifx\HCode\def\HCod
e##1{\Link##1}\expandafter\HCode\else\expandafter\Link\fi}\def\Link#1.a.b.c.{\g
@addto@macro\@documentclasshook{\RequirePackage[#1,html]{tex4ht}}\let\HCode\doc
umentstyle\def\documentstyle{\let\documentstyle\HCode\expandafter\def\csname te
x4ht\endcsname{#1,html}\def\HCode####1{\documentstyle[tex4ht,}\@ifnextchar[{\HC
ode}{\documentstyle[tex4ht]}}}\makeatother\HCode .a.b.c.\input  JensenShannonDi
v.tex
 (JensenShannonDiv.tex
(C:\Program Files\MiKTeX 2.9\tex/latex/base\article.cls
Document Class: article 2020/04/10 v1.4m Standard LaTeX document class
(C:\Program Files\MiKTeX 2.9\tex/latex/base\size11.clo
File: size11.clo 2020/04/10 v1.4m Standard LaTeX file (size option)
)
\c@part=\count179
\c@section=\count180
\c@subsection=\count181
\c@subsubsection=\count182
\c@paragraph=\count183
\c@subparagraph=\count184
\c@figure=\count185
\c@table=\count186
\abovecaptionskip=\skip47
\belowcaptionskip=\skip48
\bibindent=\dimen138
)
(C:\Users\Nielsen\AppData\Roaming\MiKTeX\2.9\tex/generic/tex4ht\tex4ht.sty
version 2021-01-02-13:53
Package: tex4ht 
--------------------------------------
--- Note --- for _ at preamble, use the command line option `early_'
--------------------------------------
--------------------------------------
--- Note --- for ^ at preamble, use the command line option `early^'
--------------------------------------
\tmp:toks=\toks15
)
(C:\Users\Nielsen\AppData\Roaming\MiKTeX\2.9\tex/generic/tex4ht\usepackage.4ht
version 2021-02-07-14:58
) (C:\Users\Nielsen\AppData\Roaming\MiKTeX\2.9\tex/latex/preprint\fullpage.sty
Package: fullpage 1999/02/23 1.1 (PWD)
\FP@margin=\skip49
)
(C:\Users\Nielsen\AppData\Roaming\MiKTeX\2.9\tex/latex/natbib\natbib.sty
Package: natbib 2010/09/13 8.31b (PWD, AO)
\bibhang=\skip50
\bibsep=\skip51
LaTeX Info: Redefining \cite on input line 694.
\c@NAT@ctr=\count187
)
(C:\Users\Nielsen\AppData\Roaming\MiKTeX\2.9\tex/generic/tex4ht\hyperref-hooks.
4ht) (C:\Program Files\MiKTeX 2.9\tex/latex/hyperref\hyperref.sty
Package: hyperref 2021-02-27 v7.00k Hypertext links for LaTeX

(C:\Users\Nielsen\AppData\Roaming\MiKTeX\2.9\tex/generic/ltxcmds\ltxcmds.sty
Package: ltxcmds 2020-05-10 v1.25 LaTeX kernel commands for general use (HO)
)
(C:\Users\Nielsen\AppData\Roaming\MiKTeX\2.9\tex/generic/iftex\iftex.sty
Package: iftex 2020/03/06 v1.0d TeX engine tests
)
(C:\Users\Nielsen\AppData\Roaming\MiKTeX\2.9\tex/generic/pdftexcmds\pdftexcmds.
sty
Package: pdftexcmds 2020-06-27 v0.33 Utility functions of pdfTeX for LuaTeX (HO
)

(C:\Users\Nielsen\AppData\Roaming\MiKTeX\2.9\tex/generic/infwarerr\infwarerr.st
y
Package: infwarerr 2019/12/03 v1.5 Providing info/warning/error messages (HO)
)
Package pdftexcmds Info: \pdf@primitive is available.
Package pdftexcmds Info: \pdf@ifprimitive is available.
Package pdftexcmds Info: \pdfdraftmode is ignored in DVI mode.
) (C:\Program Files\MiKTeX 2.9\tex/latex/graphics\keyval.sty
Package: keyval 2014/10/28 v1.15 key=value parser (DPC)
\KV@toks@=\toks16
)
(C:\Users\Nielsen\AppData\Roaming\MiKTeX\2.9\tex/generic/kvsetkeys\kvsetkeys.st
y
Package: kvsetkeys 2019/12/15 v1.18 Key value parser (HO)
)
(C:\Users\Nielsen\AppData\Roaming\MiKTeX\2.9\tex/generic/kvdefinekeys\kvdefinek
eys.sty
Package: kvdefinekeys 2019-12-19 v1.6 Define keys (HO)
)
(C:\Users\Nielsen\AppData\Roaming\MiKTeX\2.9\tex/generic/pdfescape\pdfescape.st
y
Package: pdfescape 2019/12/09 v1.15 Implements pdfTeX's escape features (HO)
) (C:\Users\Nielsen\AppData\Roaming\MiKTeX\2.9\tex/latex/hycolor\hycolor.sty
Package: hycolor 2020-01-27 v1.10 Color options for hyperref/bookmark (HO)
)
(C:\Users\Nielsen\AppData\Roaming\MiKTeX\2.9\tex/latex/letltxmacro\letltxmacro.
sty
Package: letltxmacro 2019/12/03 v1.6 Let assignment for LaTeX macros (HO)
) (C:\Users\Nielsen\AppData\Roaming\MiKTeX\2.9\tex/latex/auxhook\auxhook.sty
Package: auxhook 2019-12-17 v1.6 Hooks for auxiliary files (HO)

Package auxhook Warning: Cannot patch \document,
(auxhook)                using \AtBeginDocument instead.

)
(C:\Users\Nielsen\AppData\Roaming\MiKTeX\2.9\tex/latex/kvoptions\kvoptions.sty
Package: kvoptions 2020-10-07 v3.14 Key value format for package options (HO)
)
\@linkdim=\dimen139
\Hy@linkcounter=\count188
\Hy@pagecounter=\count189
(C:\Program Files\MiKTeX 2.9\tex/latex/hyperref\pd1enc.def
File: pd1enc.def 2021-02-27 v7.00k Hyperref: PDFDocEncoding definition (HO)
Now handling font encoding PD1 ...
... no UTF-8 mapping file for font encoding PD1
)
(C:\Program Files\MiKTeX 2.9\tex/latex/hyperref\hyperref-langpatches.def
File: hyperref-langpatches.def 2021-02-27 v7.00k Hyperref: patches for babel la
nguages
)
(C:\Users\Nielsen\AppData\Roaming\MiKTeX\2.9\tex/generic/intcalc\intcalc.sty
Package: intcalc 2019/12/15 v1.3 Expandable calculations with integers (HO)
)
(C:\Users\Nielsen\AppData\Roaming\MiKTeX\2.9\tex/generic/etexcmds\etexcmds.sty
Package: etexcmds 2019/12/15 v1.7 Avoid name clashes with e-TeX commands (HO)
)
\Hy@SavedSpaceFactor=\count190
(C:\Program Files\MiKTeX 2.9\tex/latex/hyperref\puenc.def
File: puenc.def 2021-02-27 v7.00k Hyperref: PDF Unicode definition (HO)
Now handling font encoding PU ...
... no UTF-8 mapping file for font encoding PU
)
Package hyperref Info: Option `colorlinks' set `true' on input line 4073.
Package hyperref Info: Hyper figures OFF on input line 4192.
Package hyperref Info: Link nesting OFF on input line 4197.
Package hyperref Info: Hyper index ON on input line 4200.
Package hyperref Info: Plain pages OFF on input line 4207.
Package hyperref Info: Backreferencing OFF on input line 4212.
Package hyperref Info: Implicit mode ON; LaTeX internals redefined.
Package hyperref Info: Bookmarks ON on input line 4445.
\c@Hy@tempcnt=\count191

(C:\Users\Nielsen\AppData\Roaming\MiKTeX\2.9\tex/latex/url\url.sty
\Urlmuskip=\muskip16
Package: url 2013/09/16  ver 3.4  Verb mode for urls, etc.
)
LaTeX Info: Redefining \url on input line 4804.
\XeTeXLinkMargin=\dimen140

(C:\Users\Nielsen\AppData\Roaming\MiKTeX\2.9\tex/generic/bitset\bitset.sty
Package: bitset 2019/12/09 v1.3 Handle bit-vector datatype (HO)

(C:\Users\Nielsen\AppData\Roaming\MiKTeX\2.9\tex/generic/bigintcalc\bigintcalc.
sty
Package: bigintcalc 2019/12/15 v1.5 Expandable calculations on big integers (HO
)
))
\Fld@menulength=\count192
\Field@Width=\dimen141
\Fld@charsize=\dimen142
\Field@toks=\toks17
Package hyperref Info: Hyper figures OFF on input line 6075.
Package hyperref Info: Link nesting OFF on input line 6080.
Package hyperref Info: Hyper index ON on input line 6083.
Package hyperref Info: backreferencing OFF on input line 6090.
Package hyperref Info: Link coloring ON on input line 6093.
Package hyperref Info: Link coloring with OCG OFF on input line 6100.
Package hyperref Info: PDF/A mode OFF on input line 6105.
LaTeX Info: Redefining \ref on input line 6145.
LaTeX Info: Redefining \pageref on input line 6149.
 (C:\Program Files\MiKTeX 2.9\tex/latex/base\atbegshi-ltx.sty
Package: atbegshi-ltx 2020/08/17 v1.0a Emulation of the original atbegshi packa
ge
with kernel methods
)
\Hy@abspage=\count193


Package hyperref Message: Stopped early.

)
Package hyperref Info: Driver: htex4ht.
 (C:\Program Files\MiKTeX 2.9\tex/latex/hyperref\htex4ht.def
File: htex4ht.def 2021-02-27 v7.00k Hyperref driver for TeX4ht
Package hyperref Info: tex4ht is already loaded.
)
(C:\Program Files\MiKTeX 2.9\tex/latex/hyperref\nameref.sty
Package: nameref 2021-04-02 v2.47 Cross-referencing by name of section

(C:\Users\Nielsen\AppData\Roaming\MiKTeX\2.9\tex/latex/refcount\refcount.sty
Package: refcount 2019/12/15 v3.6 Data extraction from label references (HO)
)
(C:\Users\Nielsen\AppData\Roaming\MiKTeX\2.9\tex/generic/gettitlestring\gettitl
estring.sty
Package: gettitlestring 2019/12/15 v1.6 Cleanup title references (HO)
)
\c@section@level=\count194
)
(C:\Users\Nielsen\AppData\Roaming\MiKTeX\2.9\tex/generic/tex4ht\tex4ht.4ht
version 2020-03-12-14:03
--------------------------------------
--- Note --- for additional information, use the command line option `info'
--------------------------------------

::::::::::::::::::::::::::::::::::::::::::
 TeX4ht info is available in the log file 
::::::::::::::::::::::::::::::::::::::::::
) (C:\Users\Nielsen\AppData\Roaming\MiKTeX\2.9\tex/generic/tex4ht\tex4ht.sty
version 2021-01-02-13:53

(C:\Program Files\MiKTeX 2.9\tex/latex/graphics\color.sty
Package: color 2020/02/24 v1.2b Standard LaTeX Color (DPC)

(C:\Program Files\MiKTeX 2.9\tex/latex/graphics-cfg\color.cfg
File: color.cfg 2016/01/02 v1.6 sample color configuration
)
Package color Info: Driver file: dvips.def on input line 147.

(C:\Program Files\MiKTeX 2.9\tex/latex/graphics-def\dvips.def
File: dvips.def 2017/06/20 v3.1d Graphics/color driver for dvips
)
(C:\Program Files\MiKTeX 2.9\tex/latex/graphics\dvipsnam.def
File: dvipsnam.def 2016/06/17 v3.0m Driver-dependent file (DPC,SPQR)
))
--- needs --- tex4ht JensenShannonDiv ---
\tmp:cnt=\count195
\openout15 = `JensenShannonDiv.tmp'.

(JensenShannonDiv.tmp)
\tmp:dim=\skip52
--------------------------------------
--- Note --- for XML code, use the command line option `xml' or `xhtml'
--------------------------------------
 (JensenShannonDiv.xref)
\:refout=\write3
\openout3 = `JensenShannonDiv.xref'.


(C:\Users\Nielsen\AppData\Roaming\MiKTeX\2.9\tex/generic/tex4ht\html4.4ht
version 2021-02-14-13:56
--------------------------------------
--- Note --- to remove the <?xml version=...?> processing instruction use the c
ommand line option `no-VERSION'
--------------------------------------
--------------------------------------
--- Note --- to remove the DOCTYPE declaration use the command line option `no-
DOCTYPE'
--------------------------------------
)
(C:\Users\Nielsen\AppData\Roaming\MiKTeX\2.9\tex/generic/tex4ht\html4-math.4ht
version 2021-01-30-14:17
)
--------------------------------------
--- Note --- for marking of the base font, use the command line option `fonts+'

--------------------------------------
--------------------------------------
--- Note --- for non active _, use the command line option `no_'
--------------------------------------
--------------------------------------
--- Note --- for _ of catcode 13, use the command line option `_13'
--------------------------------------
--------------------------------------
--- Note --- for non active ^, use the command line option `no^'
--------------------------------------
--------------------------------------
--- Note --- for ^ of catcode 13, use the command line option `^13'
--------------------------------------
(C:\Users\Nielsen\AppData\Roaming\MiKTeX\2.9\tex/generic/tex4ht\html4.4ht
version 2021-02-14-13:56
--------------------------------------
--- Note --- for alternative charset, use the command line option `charset=...'

--------------------------------------
--------------------------------------
--- Note --- to ignore CSS font decoration, use the `NoFonts' command line opti
on
--------------------------------------
--------------------------------------
--- Note --- for jpg bitmaps of pictures, use the `jpg' command line option. (C
haracter bitmaps are controled only by `g' records of tex4ht.env and `-g' switc
hes of tex4ht.c) 
--------------------------------------
--------------------------------------
--- Note --- for gif bitmaps of pictures, use the `gif' command line option. (C
haracter bitmaps are controled only by `g' records of tex4ht.env and `-g' switc
hes of tex4ht.c) 
--------------------------------------
--------------------------------------
--- Note --- for content and toc in 2 frames, use the command line option `fram
es'
--------------------------------------
--------------------------------------
--- Note --- for content, toc, and footnotes in 3 frames, use the command line 
option `frames-fn'
--------------------------------------
--------------------------------------
--- Note --- for file extension name xht, use the command line option `xht'
--------------------------------------
TeX4ht package options: html
--------------------------------------
--- Note --- To print a timestamp, use the command line option timestamp
--------------------------------------
--------------------------------------
--- Note --- to ignore CSS code, use the command line option `-css
--------------------------------------
--------------------------------------
--- Note --- for inline CSS code, use the command line option `css-in'
--------------------------------------
--------------------------------------
--- Note --- for pop ups on mouse over, use the command line option `mouseover'

--------------------------------------
--------------------------------------
--- Note --- for addressing images in a subdirectory, use the command line opti
on `imgdir:.../'
--------------------------------------
)
(C:\Users\Nielsen\AppData\Roaming\MiKTeX\2.9\tex/generic/tex4ht\html4-math.4ht
version 2021-01-30-14:17
)
\:tokwrite=\toks18
\:tokpage=\toks19
--------------------------------------
--- Note --- for back links to toc, use the command line option `sections+'
--------------------------------------
--------------------------------------
--- Note --- for linear crosslinks of pages, use the command line option `next'

--------------------------------------
\openout15 = `JensenShannonDiv.4ct'.

\:tocout=\write4
\openout4 = `JensenShannonDiv.4tc'.

(C:\Users\Nielsen\AppData\Roaming\MiKTeX\2.9\tex/generic/tex4ht\html4.4ht
version 2021-02-14-13:56
)
(C:\Users\Nielsen\AppData\Roaming\MiKTeX\2.9\tex/generic/tex4ht\html4-math.4ht
version 2021-01-30-14:17
) (C:\Users\Nielsen\AppData\Roaming\MiKTeX\2.9\tex/generic/tex4ht\latex.4ht
version 2021-02-06-14:21
LaTeX Info: Redefining \_ on input line 173.
LaTeX Info: Redefining \, on input line 791.
LaTeX Info: Redefining \; on input line 792.
LaTeX Info: Redefining \! on input line 793.
LaTeX Info: Redefining \: on input line 794.
LaTeX Info: Redefining \> on input line 795.
--------------------------------------
--- Note --- for links into captions, instead of float heads, use the command l
ine option `refcaption'
--------------------------------------

(C:\Users\Nielsen\AppData\Roaming\MiKTeX\2.9\tex/generic/tex4ht\html4.4ht
version 2021-02-14-13:56
)
(C:\Users\Nielsen\AppData\Roaming\MiKTeX\2.9\tex/generic/tex4ht\html4-math.4ht
version 2021-01-30-14:17
) (C:\Users\Nielsen\AppData\Roaming\MiKTeX\2.9\tex/generic/tex4ht\html4.4ht
version 2021-02-14-13:56
--------------------------------------
--- Note --- For mini tocs immediately aftter the header use the command line o
ption `minitoc<'
--------------------------------------
--------------------------------------
--- Note --- for enumerated list elements with valued data, use the command lin
e option `enumerate+'
--------------------------------------
--------------------------------------
--- Note --- for enumerated list elements li's with value attributes, use the c
ommand line option `enumerate-'
--------------------------------------
--------------------------------------
--- Note --- for CSS2 code, use the command line option `css2'
--------------------------------------
--------------------------------------
--- Note --- for pictorial tabular, use the command line option `pic-tabular'
--------------------------------------
--------------------------------------
--- Note --- for bitmap fbox'es, use the command line option `pic-fbox'
--------------------------------------
--------------------------------------
--- Note --- for bitmap framebox'es, use the command line option `pic-framebox'

--------------------------------------
--------------------------------------
--- Note --- for inline footnotes use command line option `fn-in'
--------------------------------------
--------------------------------------
--- Note --- for tracing of latex font commands, use the command line option `f
onts'
--------------------------------------
--------------------------------------
--- Note --- for width specifications of tabular p entries, use the `p-width' c
ommand line option or a configuration similar to \Configure{HColWidth}{\HCode{ 
style="width:\HColWidth"}}
--------------------------------------
)
(C:\Users\Nielsen\AppData\Roaming\MiKTeX\2.9\tex/generic/tex4ht\html4-math.4ht
version 2021-01-30-14:17
--------------------------------------
--- Note --- for pictorial eqnarray, use the command line option `pic-eqnarray'

--------------------------------------
--------------------------------------
--- Note --- for pictorial array, use the command line option `pic-array'
--------------------------------------
--------------------------------------
--- Note --- for pictorial $...$ environments, use the command line option `pic
-m' (not recommended!!)
--------------------------------------
--------------------------------------
--- Note --- for pictorial $...$ and $$...$$ environments with latex alt, use t
he command line option `pic-m+' (not safe!!)
--------------------------------------
--------------------------------------
--- Note --- for pictorial array, use the command line option `pic-array'
--------------------------------------
)) (C:\Users\Nielsen\AppData\Roaming\MiKTeX\2.9\tex/generic/tex4ht\fontmath.4ht
version 2018-11-06-15:55

(C:\Users\Nielsen\AppData\Roaming\MiKTeX\2.9\tex/generic/tex4ht\html4.4ht
version 2021-02-14-13:56
)
(C:\Users\Nielsen\AppData\Roaming\MiKTeX\2.9\tex/generic/tex4ht\html4-math.4ht
version 2021-01-30-14:17
)) (C:\Users\Nielsen\AppData\Roaming\MiKTeX\2.9\tex/generic/tex4ht\article.4ht
(C:\Users\Nielsen\AppData\Roaming\MiKTeX\2.9\tex/generic/tex4ht\html4.4ht
version 2021-02-14-13:56
--------------------------------------
--- Note --- for automatic sectioning pagination, use the command line option `
1', `2', `3', '4', '5', '6', or '7'
--------------------------------------
--------------------------------------
--- Note --- for files named derived from section titles, use the command line 
option `sec-filename'
--------------------------------------
--------------------------------------
--- Note --- for i-columns index, use the command line option `index=i' (e.g., 
index=2)
--------------------------------------
)
(C:\Users\Nielsen\AppData\Roaming\MiKTeX\2.9\tex/generic/tex4ht\html4-math.4ht
version 2021-01-30-14:17
)) (C:\Users\Nielsen\AppData\Roaming\MiKTeX\2.9\tex/generic/tex4ht\natbib.4ht
(C:\Users\Nielsen\AppData\Roaming\MiKTeX\2.9\tex/generic/tex4ht\html4.4ht
version 2021-02-14-13:56
)
(C:\Users\Nielsen\AppData\Roaming\MiKTeX\2.9\tex/generic/tex4ht\html4-math.4ht
version 2021-01-30-14:17
)) (C:\Users\Nielsen\AppData\Roaming\MiKTeX\2.9\tex/generic/tex4ht\hyperref.4ht
version 2021-01-02-13:53
LaTeX Info: Redefining \autoref on input line 88.
\Hy@SectionHShift=\skip53

(C:\Users\Nielsen\AppData\Roaming\MiKTeX\2.9\tex/generic/tex4ht\html4.4ht
version 2021-02-14-13:56
)
(C:\Users\Nielsen\AppData\Roaming\MiKTeX\2.9\tex/generic/tex4ht\html4-math.4ht
version 2021-01-30-14:17
)) (C:\Users\Nielsen\AppData\Roaming\MiKTeX\2.9\tex/generic/tex4ht\pd1enc.4ht
version 2009-05-21-09:32

(C:\Users\Nielsen\AppData\Roaming\MiKTeX\2.9\tex/generic/tex4ht\html4.4ht
version 2021-02-14-13:56
)
(C:\Users\Nielsen\AppData\Roaming\MiKTeX\2.9\tex/generic/tex4ht\html4-math.4ht
version 2021-01-30-14:17
)) (C:\Users\Nielsen\AppData\Roaming\MiKTeX\2.9\tex/generic/tex4ht\url.4ht
version 2009-05-21-09:32

(C:\Users\Nielsen\AppData\Roaming\MiKTeX\2.9\tex/generic/tex4ht\html4.4ht
version 2021-02-14-13:56
--------------------------------------
--- Note --- for URL encoding within href use the command line option `url-enc'

--------------------------------------
)
(C:\Users\Nielsen\AppData\Roaming\MiKTeX\2.9\tex/generic/tex4ht\html4-math.4ht
version 2021-01-30-14:17
)) (C:\Users\Nielsen\AppData\Roaming\MiKTeX\2.9\tex/generic/tex4ht\nameref.4ht
version 2021-02-03-14:57

(C:\Users\Nielsen\AppData\Roaming\MiKTeX\2.9\tex/generic/tex4ht\html4.4ht
version 2021-02-14-13:56
)
(C:\Users\Nielsen\AppData\Roaming\MiKTeX\2.9\tex/generic/tex4ht\html4-math.4ht
version 2021-01-30-14:17
)) (C:\Users\Nielsen\AppData\Roaming\MiKTeX\2.9\tex/generic/tex4ht\color.4ht
(C:\Users\Nielsen\AppData\Roaming\MiKTeX\2.9\tex/generic/tex4ht\html4.4ht
version 2021-02-14-13:56
)
(C:\Users\Nielsen\AppData\Roaming\MiKTeX\2.9\tex/generic/tex4ht\html4-math.4ht
version 2021-01-30-14:17
)) (C:\Users\Nielsen\AppData\Roaming\MiKTeX\2.9\tex/generic/tex4ht\dvips.4ht
version 2009-05-21-09:32

(C:\Users\Nielsen\AppData\Roaming\MiKTeX\2.9\tex/generic/tex4ht\html4.4ht
version 2021-02-14-13:56
)
(C:\Users\Nielsen\AppData\Roaming\MiKTeX\2.9\tex/generic/tex4ht\html4-math.4ht
version 2021-01-30-14:17
)) (C:\Users\Nielsen\AppData\Roaming\MiKTeX\2.9\tex/generic/tex4ht\dvipsnam.4ht
version 2009-05-21-09:32

(C:\Program Files\MiKTeX 2.9\tex/latex/graphics\dvipsnam.def)
(C:\Users\Nielsen\AppData\Roaming\MiKTeX\2.9\tex/generic/tex4ht\html4.4ht
version 2021-02-14-13:56
)
(C:\Users\Nielsen\AppData\Roaming\MiKTeX\2.9\tex/generic/tex4ht\html4-math.4ht
version 2021-01-30-14:17
)) (C:\Users\Nielsen\AppData\Roaming\MiKTeX\2.9\tex/generic/tex4ht\html4.4ht
version 2021-02-14-13:56
)
(C:\Users\Nielsen\AppData\Roaming\MiKTeX\2.9\tex/generic/tex4ht\html4-math.4ht
version 2021-01-30-14:17
))
(C:\Users\Nielsen\AppData\Roaming\MiKTeX\2.9\tex/latex/l3backend\l3backend-dvip
s.def
File: l3backend-dvips.def 2021-03-18 L3 backend support: dvips
\l__pdf_internal_box=\box47
\g__pdf_backend_object_int=\count196
\l__pdf_backend_content_box=\box48
\l__pdf_backend_model_box=\box49
\g__pdf_backend_annotation_int=\count197
\g__pdf_backend_link_int=\count198
\g__pdf_backend_link_sf_int=\count199
) (JensenShannonDiv.aux)
\openout1 = `JensenShannonDiv.aux'.

LaTeX Font Info:    Checking defaults for OML/cmm/m/it on input line 26.
LaTeX Font Info:    ... okay on input line 26.
LaTeX Font Info:    Checking defaults for OMS/cmsy/m/n on input line 26.
LaTeX Font Info:    ... okay on input line 26.
LaTeX Font Info:    Checking defaults for OT1/cmr/m/n on input line 26.
LaTeX Font Info:    ... okay on input line 26.
LaTeX Font Info:    Checking defaults for T1/cmr/m/n on input line 26.
LaTeX Font Info:    ... okay on input line 26.
LaTeX Font Info:    Checking defaults for TS1/cmr/m/n on input line 26.
LaTeX Font Info:    ... okay on input line 26.
LaTeX Font Info:    Checking defaults for OMX/cmex/m/n on input line 26.
LaTeX Font Info:    ... okay on input line 26.
LaTeX Font Info:    Checking defaults for U/cmr/m/n on input line 26.
LaTeX Font Info:    ... okay on input line 26.
LaTeX Font Info:    Checking defaults for PD1/pdf/m/n on input line 26.
LaTeX Font Info:    ... okay on input line 26.
LaTeX Font Info:    Checking defaults for PU/pdf/m/n on input line 26.
LaTeX Font Info:    ... okay on input line 26.
Package hyperref Info: Link coloring ON on input line 26.
LaTeX Info: Redefining \ref on input line 26.
LaTeX Info: Redefining \pageref on input line 26.
LaTeX Info: Redefining \nameref on input line 26.
--- file JensenShannonDiv.css ---
 [1

] [2]
LaTeX Font Info:    External font `cmex10' loaded for size
(Font)              <12> on input line 27.
LaTeX Font Info:    External font `cmex10' loaded for size
(Font)              <8> on input line 27.
LaTeX Font Info:    External font `cmex10' loaded for size
(Font)              <6> on input line 27.
LaTeX Font Info:    External font `cmex10' loaded for size
(Font)              <7> on input line 31.
LaTeX Font Info:    External font `cmex10' loaded for size
(Font)              <5> on input line 31.
LaTeX Font Info:    External font `cmex10' loaded for size
(Font)              <10.95> on input line 38.
l. 40 Writing JensenShannonDiv.idv[1] (JensenShannonDiv0x.png)
l. 43 Writing JensenShannonDiv.idv[2] (JensenShannonDiv1x.png)
l. 43 Writing JensenShannonDiv.idv[3] (JensenShannonDiv2x.png)
 [3]
l. 44 Writing JensenShannonDiv.idv[4] (JensenShannonDiv3x.png)
l. 49 Writing JensenShannonDiv.idv[5] (JensenShannonDiv4x.png)
l. 54 Writing JensenShannonDiv.idv[6] (JensenShannonDiv5x.png)
l. 61 Writing JensenShannonDiv.idv[7] (JensenShannonDiv6x.png)
 [4]
l. 65 Writing JensenShannonDiv.idv[8] (JensenShannonDiv7x.png)
l. 70 Writing JensenShannonDiv.idv[9] (JensenShannonDiv8x.png)
l. 74 Writing JensenShannonDiv.idv[10] (JensenShannonDiv9x.png)
 [5]
l. 79 Writing JensenShannonDiv.idv[11] (JensenShannonDiv10x.png)
l. 84 Writing JensenShannonDiv.idv[12] (JensenShannonDiv11x.png)
l. 84 Writing JensenShannonDiv.idv[13] (JensenShannonDiv12x.png)
l. 91 Writing JensenShannonDiv.idv[14] (JensenShannonDiv13x.png)
 [6]
l. 96 Writing JensenShannonDiv.idv[15] (JensenShannonDiv14x.png)
l. 110 Writing JensenShannonDiv.idv[16] (JensenShannonDiv15x.png)
l. 115 Writing JensenShannonDiv.idv[17] (JensenShannonDiv16x.png)
 [7]
l. 118 Writing JensenShannonDiv.idv[18] (JensenShannonDiv17x.png)
l. 118 Writing JensenShannonDiv.idv[19] (JensenShannonDiv18x.png)
l. 118 Writing JensenShannonDiv.idv[20] (JensenShannonDiv19x.png)
l. 121 Writing JensenShannonDiv.idv[21] (JensenShannonDiv20x.png)
l. 125 Writing JensenShannonDiv.idv[22] (JensenShannonDiv21x.png)
l. 129 Writing JensenShannonDiv.idv[23] (JensenShannonDiv22x.png)
 [8]
l. 137 Writing JensenShannonDiv.idv[24] (JensenShannonDiv23x.png)
l. 142 Writing JensenShannonDiv.idv[25] (JensenShannonDiv24x.png)
l. 146 Writing JensenShannonDiv.idv[26] (JensenShannonDiv25x.png)
 [9]
l. 152 Writing JensenShannonDiv.idv[27] (JensenShannonDiv26x.png)
l. 156 Writing JensenShannonDiv.idv[28] (JensenShannonDiv27x.png)
l. 161 Writing JensenShannonDiv.idv[29] (JensenShannonDiv28x.png)
 [10]
l. 168 Writing JensenShannonDiv.idv[30] (JensenShannonDiv29x.png)
l. 172 Writing JensenShannonDiv.idv[31] (JensenShannonDiv30x.png)
l. 175 Writing JensenShannonDiv.idv[32] (JensenShannonDiv31x.png)
l. 184 Writing JensenShannonDiv.idv[33] (JensenShannonDiv32x.png)
 [11]
l. 189 Writing JensenShannonDiv.idv[34] (JensenShannonDiv33x.png)
l. 196 Writing JensenShannonDiv.idv[35] (JensenShannonDiv34x.png)

[12]
l. 206 Writing JensenShannonDiv.idv[36] (JensenShannonDiv35x.png)
l. 213 Writing JensenShannonDiv.idv[37] (JensenShannonDiv36x.png)
 (JensenShannonDiv.bbl [13] [14]) [15] (JensenShannonDiv.aux) ) 
Here is how much of TeX's memory you used:
 11120 strings out of 479296
 155728 string characters out of 2863330
 576585 words of memory out of 3000000
 28427 multiletter control sequences out of 15000+600000
 409457 words of font info for 47 fonts, out of 8000000 for 9000
 1141 hyphenation exceptions out of 8191
 77i,9n,99p,854b,587s stack positions out of 5000i,500n,10000p,200000b,80000s

Output written on JensenShannonDiv.dvi (15 pages, 60088 bytes).
