\BOOKMARK [1][-]{section.1}{\376\377\000I\000n\000t\000r\000o\000d\000u\000c\000t\000i\000o\000n}{}% 1
\BOOKMARK [1][-]{section.2}{\376\377\000f\000-\000D\000i\000v\000e\000r\000g\000e\000n\000c\000e\000s\000\040\000b\000e\000t\000w\000e\000e\000n\000\040\000C\000a\000u\000c\000h\000y\000\040\000d\000i\000s\000t\000r\000i\000b\000u\000t\000i\000o\000n\000s\000\040\000a\000r\000e\000\040\000s\000y\000m\000m\000e\000t\000r\000i\000c}{}% 2
\BOOKMARK [2][-]{subsection.2.1}{\376\377\000S\000y\000m\000m\000e\000t\000r\000i\000c\000\040\000p\000r\000o\000p\000e\000r\000t\000y\000\040\000o\000f\000\040\000C\000a\000u\000c\000h\000y\000\040\000f\000-\000d\000i\000v\000e\000r\000g\000e\000n\000c\000e\000s}{section.2}% 3
\BOOKMARK [2][-]{subsection.2.2}{\376\377\000S\000t\000r\000i\000c\000t\000l\000y\000\040\000i\000n\000c\000r\000e\000a\000s\000i\000n\000g\000\040\000f\000u\000n\000c\000t\000i\000o\000n\000\040\000h\000f}{section.2}% 4
\BOOKMARK [2][-]{subsection.2.3}{\376\377\000T\000h\000e\000\040\000C\000h\000e\000r\000n\000o\000f\000f\000\040\000i\000n\000f\000o\000r\000m\000a\000t\000i\000o\000n}{section.2}% 5
\BOOKMARK [1][-]{section.3}{\376\377\000f\000-\000D\000i\000v\000e\000r\000g\000e\000n\000c\000e\000s\000\040\000o\000f\000\040\000r\000e\000l\000a\000t\000e\000d\000\040\000d\000i\000s\000t\000r\000i\000b\000u\000t\000i\000o\000n\000s}{}% 6
\BOOKMARK [1][-]{section.4}{\376\377\000f\000-\000D\000i\000v\000e\000r\000g\000e\000n\000c\000e\000s\000\040\000b\000e\000t\000w\000e\000e\000n\000\040\000m\000u\000l\000t\000i\000v\000a\000r\000i\000a\000t\000e\000\040\000C\000a\000u\000c\000h\000y\000\040\000d\000i\000s\000t\000r\000i\000b\000u\000t\000i\000o\000n\000s}{}% 7
\BOOKMARK [1][-]{section.5}{\376\377\000E\000x\000p\000r\000e\000s\000s\000i\000n\000g\000\040\000f\000-\000d\000i\000v\000e\000r\000g\000e\000n\000c\000e\000s\000\040\000a\000s\000\040\000c\000o\000n\000v\000e\000r\000g\000i\000n\000g\000\040\000p\000o\000w\000e\000r\000\040\000c\000h\000i\000\040\000d\000i\000v\000e\000r\000g\000e\000n\000c\000e\000\040\000s\000e\000r\000i\000e\000s}{}% 8
\BOOKMARK [1][-]{section.6}{\376\377\000M\000e\000t\000r\000i\000c\000\040\000s\000p\000a\000c\000e\000s\000\040\000i\000n\000d\000u\000c\000e\000d\000\040\000b\000y\000\040\000t\000h\000e\000\040\000s\000q\000u\000a\000r\000e\000\040\000r\000o\000o\000t\000s\000\040\000o\000f\000\040\000t\000h\000e\000\040\000K\000u\000l\000l\000b\000a\000c\000k\000-\000L\000e\000i\000b\000l\000e\000r\000\040\000a\000n\000d\000\040\000B\000h\000a\000t\000t\000a\000c\000h\000a\000r\000y\000y\000a\000\040\000d\000i\000v\000e\000r\000g\000e\000n\000c\000e\000s}{}% 9
\BOOKMARK [2][-]{subsection.6.1}{\376\377\000M\000e\000t\000r\000i\000z\000a\000t\000i\000o\000n\000s\000\040\000o\000f\000\040\000t\000h\000e\000\040\000K\000u\000l\000l\000b\000a\000c\000k\000-\000L\000e\000i\000b\000l\000e\000r\000\040\000a\000n\000d\000\040\000B\000h\000a\000t\000t\000a\000c\000h\000a\000r\000y\000y\000a\000\040\000d\000i\000v\000e\000r\000g\000e\000n\000c\000e\000s}{section.6}% 10
\BOOKMARK [2][-]{subsection.6.2}{\376\377\000G\000e\000o\000m\000e\000t\000r\000i\000c\000\040\000p\000r\000o\000p\000e\000r\000t\000i\000e\000s\000\040\000o\000f\000\040\000t\000h\000e\000\040\000m\000e\000t\000r\000i\000z\000a\000t\000i\000o\000n\000s\000\040\000o\000f\000\040\000f\000-\000d\000i\000v\000e\000r\000g\000e\000n\000c\000e\000s}{section.6}% 11
\BOOKMARK [1][-]{section.7}{\376\377\000C\000o\000n\000c\000l\000u\000s\000i\000o\000n\000\040\000a\000n\000d\000\040\000D\000i\000s\000c\000u\000s\000s\000i\000o\000n}{}% 12
\BOOKMARK [1][-]{section*.1}{\376\377\000A\000p\000p\000e\000n\000d\000i\000x\000\040\000A\000:\000\040\000C\000o\000m\000p\000l\000e\000t\000e\000\040\000e\000l\000l\000i\000p\000t\000i\000c\000\040\000i\000n\000t\000e\000g\000r\000a\000l\000s}{}% 13
\BOOKMARK [2][-]{subsubsection.Appendix.A.0.1}{\376\377\000S\000o\000m\000e\000\040\000L\000e\000m\000m\000a\000s\000\040\000c\000o\000n\000c\000e\000r\000n\000i\000n\000g\000\040\000t\000h\000e\000\040\000c\000o\000m\000p\000l\000e\000t\000e\000\040\000e\000l\000l\000i\000p\000t\000i\000c\000\040\000i\000n\000t\000e\000g\000r\000a\000l\000s}{section*.1}% 14
\BOOKMARK [1][-]{section*.2}{\376\377\000A\000p\000p\000e\000n\000d\000i\000x\000\040\000B\000:\000\040\000N\000e\000g\000a\000t\000i\000v\000e\000\040\000d\000e\000f\000i\000n\000i\000t\000e\000n\000e\000s\000s\000\040\000o\000f\000\040\000t\000h\000e\000\040\000K\000L\000D\000\040\000b\000e\000t\000w\000e\000e\000n\000\040\000C\000a\000u\000c\000h\000y\000\040\000d\000e\000n\000s\000i\000t\000i\000e\000s}{}% 15
\BOOKMARK [1][-]{section*.3}{\376\377\000A\000p\000p\000e\000n\000d\000i\000x\000\040\000C\000:\000\040\000f\000-\000d\000i\000v\000e\000r\000g\000e\000n\000c\000e\000s\000\040\000b\000e\000t\000w\000e\000e\000n\000\040\000t\000h\000e\000\040\000t\000r\000u\000n\000c\000a\000t\000e\000d\000\040\000C\000a\000u\000c\000h\000y\000\040\000d\000i\000s\000t\000r\000i\000b\000u\000t\000i\000o\000n}{}% 16
\BOOKMARK [1][-]{section*.4}{\376\377\000A\000p\000p\000e\000n\000d\000i\000x\000\040\000D\000:\000\040\000C\000o\000d\000e\000\040\000s\000n\000i\000p\000p\000e\000t\000\040\000f\000o\000r\000\040\000T\000a\000y\000l\000o\000r\000\040\000e\000x\000p\000a\000n\000s\000i\000o\000n\000s\000\040\000o\000f\000\040\000f\000-\000d\000i\000v\000e\000r\000g\000e\000n\000c\000e\000s}{}% 17
\BOOKMARK [1][-]{section*.6}{\376\377\000R\000e\000f\000e\000r\000e\000n\000c\000e\000s}{}% 18
\BOOKMARK [1][-]{IEEEbiography.0}{\376\377\000B\000i\000o\000g\000r\000a\000p\000h\000i\000e\000s}{}% 19
\BOOKMARK [2][-]{IEEEbiography.1}{\376\377\000F\000r\000a\000n\000k\000\040\000N\000i\000e\000l\000s\000e\000n}{IEEEbiography.0}% 20
\BOOKMARK [2][-]{IEEEbiography.2}{\376\377\000K\000a\000z\000u\000k\000i\000\040\000O\000k\000a\000m\000u\000r\000a}{IEEEbiography.0}% 21
