This is pdfTeX, Version 3.141592653-2.6-1.40.22 (MiKTeX 21.3) (preloaded format=latex 2021.4.14)  18 MAY 2023 13:23
entering extended mode
**\makeatletter\def\HCode{\futurelet\HCode\HChar}\def\HChar{\ifx\HCode\def\HCod
e##1{\Link##1}\expandafter\HCode\else\expandafter\Link\fi}\def\Link#1.a.b.c.{\g
@addto@macro\@documentclasshook{\RequirePackage[#1,html]{tex4ht}}\let\HCode\doc
umentstyle\def\documentstyle{\let\documentstyle\HCode\expandafter\def\csname te
x4ht\endcsname{#1,html}\def\HCode####1{\documentstyle[tex4ht,}\@ifnextchar[{\HC
ode}{\documentstyle[tex4ht]}}}\makeatother\HCode .a.b.c.\input  AnnotatedWorks-
FrankNIELSEN.tex
 (AnnotatedWorks-FrankNIELSEN.tex
(C:\Program Files\MiKTeX 2.9\tex/latex/base\article.cls
Document Class: article 2020/04/10 v1.4m Standard LaTeX document class
(C:\Program Files\MiKTeX 2.9\tex/latex/base\size10.clo
File: size10.clo 2020/04/10 v1.4m Standard LaTeX file (size option)
)
\c@part=\count179
\c@section=\count180
\c@subsection=\count181
\c@subsubsection=\count182
\c@paragraph=\count183
\c@subparagraph=\count184
\c@figure=\count185
\c@table=\count186
\abovecaptionskip=\skip47
\belowcaptionskip=\skip48
\bibindent=\dimen138
)
(C:\Users\Nielsen\AppData\Roaming\MiKTeX\2.9\tex/generic/tex4ht\tex4ht.sty
version 2021-01-02-13:53
Package: tex4ht 
--------------------------------------
--- Note --- for _ at preamble, use the command line option `early_'
--------------------------------------
--------------------------------------
--- Note --- for ^ at preamble, use the command line option `early^'
--------------------------------------
\tmp:toks=\toks15
)
(C:\Users\Nielsen\AppData\Roaming\MiKTeX\2.9\tex/generic/tex4ht\usepackage.4ht
version 2021-02-07-14:58
) (C:\Users\Nielsen\AppData\Roaming\MiKTeX\2.9\tex/latex/preprint\fullpage.sty
Package: fullpage 1999/02/23 1.1 (PWD)
\FP@margin=\skip49
)
(C:\Program Files\MiKTeX 2.9\tex/latex/amsfonts\amssymb.sty
Package: amssymb 2013/01/14 v3.01 AMS font symbols

(C:\Program Files\MiKTeX 2.9\tex/latex/amsfonts\amsfonts.sty
Package: amsfonts 2013/01/14 v3.01 Basic AMSFonts support
\@emptytoks=\toks16
\symAMSa=\mathgroup4
\symAMSb=\mathgroup5
LaTeX Font Info:    Redeclaring math symbol \hbar on input line 98.
LaTeX Font Info:    Overwriting math alphabet `\mathfrak' in version `bold'
(Font)                  U/euf/m/n --> U/euf/b/n on input line 106.
)) (orcidlink.sty
Package: orcidlink 2021/06/11 v1.0.4 Linked ORCiD logo macro package

(C:\Users\Nielsen\AppData\Roaming\MiKTeX\2.9\tex/generic/tex4ht\hyperref-hooks.
4ht) (C:\Program Files\MiKTeX 2.9\tex/latex/hyperref\hyperref.sty
Package: hyperref 2021-02-27 v7.00k Hypertext links for LaTeX

(C:\Users\Nielsen\AppData\Roaming\MiKTeX\2.9\tex/generic/ltxcmds\ltxcmds.sty
Package: ltxcmds 2020-05-10 v1.25 LaTeX kernel commands for general use (HO)
)
(C:\Users\Nielsen\AppData\Roaming\MiKTeX\2.9\tex/generic/iftex\iftex.sty
Package: iftex 2020/03/06 v1.0d TeX engine tests
)
(C:\Users\Nielsen\AppData\Roaming\MiKTeX\2.9\tex/generic/pdftexcmds\pdftexcmds.
sty
Package: pdftexcmds 2020-06-27 v0.33 Utility functions of pdfTeX for LuaTeX (HO
)

(C:\Users\Nielsen\AppData\Roaming\MiKTeX\2.9\tex/generic/infwarerr\infwarerr.st
y
Package: infwarerr 2019/12/03 v1.5 Providing info/warning/error messages (HO)
)
Package pdftexcmds Info: \pdf@primitive is available.
Package pdftexcmds Info: \pdf@ifprimitive is available.
Package pdftexcmds Info: \pdfdraftmode is ignored in DVI mode.
) (C:\Program Files\MiKTeX 2.9\tex/latex/graphics\keyval.sty
Package: keyval 2014/10/28 v1.15 key=value parser (DPC)
\KV@toks@=\toks17
)
(C:\Users\Nielsen\AppData\Roaming\MiKTeX\2.9\tex/generic/kvsetkeys\kvsetkeys.st
y
Package: kvsetkeys 2019/12/15 v1.18 Key value parser (HO)
)
(C:\Users\Nielsen\AppData\Roaming\MiKTeX\2.9\tex/generic/kvdefinekeys\kvdefinek
eys.sty
Package: kvdefinekeys 2019-12-19 v1.6 Define keys (HO)
)
(C:\Users\Nielsen\AppData\Roaming\MiKTeX\2.9\tex/generic/pdfescape\pdfescape.st
y
Package: pdfescape 2019/12/09 v1.15 Implements pdfTeX's escape features (HO)
) (C:\Users\Nielsen\AppData\Roaming\MiKTeX\2.9\tex/latex/hycolor\hycolor.sty
Package: hycolor 2020-01-27 v1.10 Color options for hyperref/bookmark (HO)
)
(C:\Users\Nielsen\AppData\Roaming\MiKTeX\2.9\tex/latex/letltxmacro\letltxmacro.
sty
Package: letltxmacro 2019/12/03 v1.6 Let assignment for LaTeX macros (HO)
) (C:\Users\Nielsen\AppData\Roaming\MiKTeX\2.9\tex/latex/auxhook\auxhook.sty
Package: auxhook 2019-12-17 v1.6 Hooks for auxiliary files (HO)

Package auxhook Warning: Cannot patch \document,
(auxhook)                using \AtBeginDocument instead.

)
(C:\Users\Nielsen\AppData\Roaming\MiKTeX\2.9\tex/latex/kvoptions\kvoptions.sty
Package: kvoptions 2020-10-07 v3.14 Key value format for package options (HO)
)
\@linkdim=\dimen139
\Hy@linkcounter=\count187
\Hy@pagecounter=\count188
(C:\Program Files\MiKTeX 2.9\tex/latex/hyperref\pd1enc.def
File: pd1enc.def 2021-02-27 v7.00k Hyperref: PDFDocEncoding definition (HO)
Now handling font encoding PD1 ...
... no UTF-8 mapping file for font encoding PD1
)
(C:\Program Files\MiKTeX 2.9\tex/latex/hyperref\hyperref-langpatches.def
File: hyperref-langpatches.def 2021-02-27 v7.00k Hyperref: patches for babel la
nguages
)
(C:\Users\Nielsen\AppData\Roaming\MiKTeX\2.9\tex/generic/intcalc\intcalc.sty
Package: intcalc 2019/12/15 v1.3 Expandable calculations with integers (HO)
)
(C:\Users\Nielsen\AppData\Roaming\MiKTeX\2.9\tex/generic/etexcmds\etexcmds.sty
Package: etexcmds 2019/12/15 v1.7 Avoid name clashes with e-TeX commands (HO)
)
\Hy@SavedSpaceFactor=\count189
(C:\Program Files\MiKTeX 2.9\tex/latex/hyperref\puenc.def
File: puenc.def 2021-02-27 v7.00k Hyperref: PDF Unicode definition (HO)
Now handling font encoding PU ...
... no UTF-8 mapping file for font encoding PU
)
Package hyperref Info: Option `colorlinks' set `true' on input line 4073.
Package hyperref Info: Hyper figures OFF on input line 4192.
Package hyperref Info: Link nesting OFF on input line 4197.
Package hyperref Info: Hyper index ON on input line 4200.
Package hyperref Info: Plain pages OFF on input line 4207.
Package hyperref Info: Backreferencing OFF on input line 4212.
Package hyperref Info: Implicit mode ON; LaTeX internals redefined.
Package hyperref Info: Bookmarks ON on input line 4445.
\c@Hy@tempcnt=\count190

(C:\Users\Nielsen\AppData\Roaming\MiKTeX\2.9\tex/latex/url\url.sty
\Urlmuskip=\muskip16
Package: url 2013/09/16  ver 3.4  Verb mode for urls, etc.
)
LaTeX Info: Redefining \url on input line 4804.
\XeTeXLinkMargin=\dimen140

(C:\Users\Nielsen\AppData\Roaming\MiKTeX\2.9\tex/generic/bitset\bitset.sty
Package: bitset 2019/12/09 v1.3 Handle bit-vector datatype (HO)

(C:\Users\Nielsen\AppData\Roaming\MiKTeX\2.9\tex/generic/bigintcalc\bigintcalc.
sty
Package: bigintcalc 2019/12/15 v1.5 Expandable calculations on big integers (HO
)
))
\Fld@menulength=\count191
\Field@Width=\dimen141
\Fld@charsize=\dimen142
\Field@toks=\toks18
Package hyperref Info: Hyper figures OFF on input line 6075.
Package hyperref Info: Link nesting OFF on input line 6080.
Package hyperref Info: Hyper index ON on input line 6083.
Package hyperref Info: backreferencing OFF on input line 6090.
Package hyperref Info: Link coloring ON on input line 6093.
Package hyperref Info: Link coloring with OCG OFF on input line 6100.
Package hyperref Info: PDF/A mode OFF on input line 6105.
LaTeX Info: Redefining \ref on input line 6145.
LaTeX Info: Redefining \pageref on input line 6149.
 (C:\Program Files\MiKTeX 2.9\tex/latex/base\atbegshi-ltx.sty
Package: atbegshi-ltx 2020/08/17 v1.0a Emulation of the original atbegshi packa
ge
with kernel methods
)
\Hy@abspage=\count192


Package hyperref Message: Stopped early.

)
Package hyperref Info: Driver: htex4ht.
 (C:\Program Files\MiKTeX 2.9\tex/latex/hyperref\htex4ht.def
File: htex4ht.def 2021-02-27 v7.00k Hyperref driver for TeX4ht
Package hyperref Info: tex4ht is already loaded.
)
(C:\Program Files\MiKTeX 2.9\tex/latex/hyperref\nameref.sty
Package: nameref 2021-04-02 v2.47 Cross-referencing by name of section

(C:\Users\Nielsen\AppData\Roaming\MiKTeX\2.9\tex/latex/refcount\refcount.sty
Package: refcount 2019/12/15 v3.6 Data extraction from label references (HO)
)
(C:\Users\Nielsen\AppData\Roaming\MiKTeX\2.9\tex/generic/gettitlestring\gettitl
estring.sty
Package: gettitlestring 2019/12/15 v1.6 Cleanup title references (HO)
)
\c@section@level=\count193
)
(C:\Users\Nielsen\AppData\Roaming\MiKTeX\2.9\tex/generic/tex4ht\tikz-hooks.4ht
version 2020-10-17-13:53
)
(C:\Users\Nielsen\AppData\Roaming\MiKTeX\2.9\tex/latex/pgf/frontendlayer\tikz.s
ty
(C:\Users\Nielsen\AppData\Roaming\MiKTeX\2.9\tex/latex/pgf/basiclayer\pgf.sty
(C:\Users\Nielsen\AppData\Roaming\MiKTeX\2.9\tex/latex/pgf/utilities\pgfrcs.sty

(C:\Users\Nielsen\AppData\Roaming\MiKTeX\2.9\tex/generic/pgf/utilities\pgfutil-
common.tex
\pgfutil@everybye=\toks19
\pgfutil@tempdima=\dimen143
\pgfutil@tempdimb=\dimen144

(C:\Users\Nielsen\AppData\Roaming\MiKTeX\2.9\tex/generic/pgf/utilities\pgfutil-
common-lists.tex))
(C:\Users\Nielsen\AppData\Roaming\MiKTeX\2.9\tex/generic/pgf/utilities\pgfutil-
latex.def
\pgfutil@abb=\box47
)
(C:\Users\Nielsen\AppData\Roaming\MiKTeX\2.9\tex/generic/pgf/utilities\pgfrcs.c
ode.tex
(C:\Users\Nielsen\AppData\Roaming\MiKTeX\2.9\tex/generic/pgf\pgf.revision.tex)
Package: pgfrcs 2020/12/27 v3.1.8b (3.1.8b)
))
Package: pgf 2020/12/27 v3.1.8b (3.1.8b)

(C:\Users\Nielsen\AppData\Roaming\MiKTeX\2.9\tex/latex/pgf/basiclayer\pgfcore.s
ty (C:\Program Files\MiKTeX 2.9\tex/latex/graphics\graphicx.sty
Package: graphicx 2020/09/09 v1.2b Enhanced LaTeX Graphics (DPC,SPQR)

(C:\Users\Nielsen\AppData\Roaming\MiKTeX\2.9\tex/generic/tex4ht\graphics-hooks.
4ht
version 2020-10-17-13:53
) (C:\Program Files\MiKTeX 2.9\tex/latex/graphics\graphics.sty
Package: graphics 2020/08/30 v1.4c Standard LaTeX Graphics (DPC,SPQR)

(C:\Program Files\MiKTeX 2.9\tex/latex/graphics\trig.sty
Package: trig 2016/01/03 v1.10 sin cos tan (DPC)
)
(C:\Program Files\MiKTeX 2.9\tex/latex/graphics-cfg\graphics.cfg
File: graphics.cfg 2016/06/04 v1.11 sample graphics configuration
)
Package graphics Info: Driver file: dvips.def on input line 105.

(C:\Program Files\MiKTeX 2.9\tex/latex/graphics-def\dvips.def
File: dvips.def 2017/06/20 v3.1d Graphics/color driver for dvips
))
\Gin@req@height=\dimen145
\Gin@req@width=\dimen146
)
(C:\Users\Nielsen\AppData\Roaming\MiKTeX\2.9\tex/latex/pgf/systemlayer\pgfsys.s
ty
(C:\Users\Nielsen\AppData\Roaming\MiKTeX\2.9\tex/generic/pgf/systemlayer\pgfsys
.code.tex
Package: pgfsys 2020/12/27 v3.1.8b (3.1.8b)

(C:\Users\Nielsen\AppData\Roaming\MiKTeX\2.9\tex/generic/pgf/utilities\pgfkeys.
code.tex
\pgfkeys@pathtoks=\toks20
\pgfkeys@temptoks=\toks21

(C:\Users\Nielsen\AppData\Roaming\MiKTeX\2.9\tex/generic/pgf/utilities\pgfkeysf
iltered.code.tex
\pgfkeys@tmptoks=\toks22
))
\pgf@x=\dimen147
\pgf@y=\dimen148
\pgf@xa=\dimen149
\pgf@ya=\dimen150
\pgf@xb=\dimen151
\pgf@yb=\dimen152
\pgf@xc=\dimen153
\pgf@yc=\dimen154
\pgf@xd=\dimen155
\pgf@yd=\dimen156
\w@pgf@writea=\write3
\r@pgf@reada=\read2
\c@pgf@counta=\count194
\c@pgf@countb=\count195
\c@pgf@countc=\count196
\c@pgf@countd=\count197
\t@pgf@toka=\toks23
\t@pgf@tokb=\toks24
\t@pgf@tokc=\toks25
\pgf@sys@id@count=\count198

(C:\Users\Nielsen\AppData\Roaming\MiKTeX\2.9\tex/generic/pgf/systemlayer\pgf.cf
g
File: pgf.cfg 2020/12/27 v3.1.8b (3.1.8b)
)
Driver file for pgf: pgfsys-tex4ht.def

(C:\Users\Nielsen\AppData\Roaming\MiKTeX\2.9\tex/generic/pgf/systemlayer\pgfsys
-tex4ht.def
File: pgfsys-tex4ht.def 2020/12/27 v3.1.8b (3.1.8b)

(C:\Users\Nielsen\AppData\Roaming\MiKTeX\2.9\tex/generic/pgf/systemlayer\pgfsys
-common-svg.def
File: pgfsys-common-svg.def 2020/12/27 v3.1.8b (3.1.8b)
\pgf@sys@svg@objectcount=\count199
\pgf@sys@svg@scopecount=\count266
\pgf@sys@svg@type@count=\count267
\pgf@sys@svg@canvascount=\count268
)
\pgf@sys@svg@picnum=\count269
\pgf@sys@svg@nodenum=\count270
\pgfsys@foreignobject@Box=\box48
\pgf@s=\dimen157
\pgf@t=\dimen158

(C:\Users\Nielsen\AppData\Roaming\MiKTeX\2.9\tex/generic/tex4ht\xcolor-hooks.4h
t
version 2020-10-17-13:53
) (C:\Users\Nielsen\AppData\Roaming\MiKTeX\2.9\tex/latex/xcolor\xcolor.sty
Package: xcolor 2016/05/11 v2.12 LaTeX color extensions (UK)

(C:\Program Files\MiKTeX 2.9\tex/latex/graphics-cfg\color.cfg
File: color.cfg 2016/01/02 v1.6 sample color configuration
)
Package xcolor Info: Driver file: dvips.def on input line 225.
Package xcolor Info: Model `cmy' substituted by `cmy0' on input line 1348.
Package xcolor Info: Model `RGB' extended on input line 1364.
Package xcolor Info: Model `HTML' substituted by `rgb' on input line 1366.
Package xcolor Info: Model `Hsb' substituted by `hsb' on input line 1367.
Package xcolor Info: Model `tHsb' substituted by `hsb' on input line 1368.
Package xcolor Info: Model `HSB' substituted by `hsb' on input line 1369.
Package xcolor Info: Model `Gray' substituted by `gray' on input line 1370.
Package xcolor Info: Model `wave' substituted by `hsb' on input line 1371.
)))
(C:\Users\Nielsen\AppData\Roaming\MiKTeX\2.9\tex/generic/pgf/systemlayer\pgfsys
softpath.code.tex
File: pgfsyssoftpath.code.tex 2020/12/27 v3.1.8b (3.1.8b)
\pgfsyssoftpath@smallbuffer@items=\count271
\pgfsyssoftpath@bigbuffer@items=\count272
)
(C:\Users\Nielsen\AppData\Roaming\MiKTeX\2.9\tex/generic/pgf/systemlayer\pgfsys
protocol.code.tex
File: pgfsysprotocol.code.tex 2020/12/27 v3.1.8b (3.1.8b)
))
(C:\Users\Nielsen\AppData\Roaming\MiKTeX\2.9\tex/generic/tex4ht\xcolor-hooks.4h
t
version 2020-10-17-13:53
)
(C:\Users\Nielsen\AppData\Roaming\MiKTeX\2.9\tex/generic/pgf/basiclayer\pgfcore
.code.tex
Package: pgfcore 2020/12/27 v3.1.8b (3.1.8b)

(C:\Users\Nielsen\AppData\Roaming\MiKTeX\2.9\tex/generic/pgf/math\pgfmath.code.
tex
(C:\Users\Nielsen\AppData\Roaming\MiKTeX\2.9\tex/generic/pgf/math\pgfmathcalc.c
ode.tex
(C:\Users\Nielsen\AppData\Roaming\MiKTeX\2.9\tex/generic/pgf/math\pgfmathutil.c
ode.tex)
(C:\Users\Nielsen\AppData\Roaming\MiKTeX\2.9\tex/generic/pgf/math\pgfmathparser
.code.tex
\pgfmath@dimen=\dimen159
\pgfmath@count=\count273
\pgfmath@box=\box49
\pgfmath@toks=\toks26
\pgfmath@stack@operand=\toks27
\pgfmath@stack@operation=\toks28
)
(C:\Users\Nielsen\AppData\Roaming\MiKTeX\2.9\tex/generic/pgf/math\pgfmathfuncti
ons.code.tex
(C:\Users\Nielsen\AppData\Roaming\MiKTeX\2.9\tex/generic/pgf/math\pgfmathfuncti
ons.basic.code.tex)
(C:\Users\Nielsen\AppData\Roaming\MiKTeX\2.9\tex/generic/pgf/math\pgfmathfuncti
ons.trigonometric.code.tex)
(C:\Users\Nielsen\AppData\Roaming\MiKTeX\2.9\tex/generic/pgf/math\pgfmathfuncti
ons.random.code.tex)
(C:\Users\Nielsen\AppData\Roaming\MiKTeX\2.9\tex/generic/pgf/math\pgfmathfuncti
ons.comparison.code.tex)
(C:\Users\Nielsen\AppData\Roaming\MiKTeX\2.9\tex/generic/pgf/math\pgfmathfuncti
ons.base.code.tex)
(C:\Users\Nielsen\AppData\Roaming\MiKTeX\2.9\tex/generic/pgf/math\pgfmathfuncti
ons.round.code.tex)
(C:\Users\Nielsen\AppData\Roaming\MiKTeX\2.9\tex/generic/pgf/math\pgfmathfuncti
ons.misc.code.tex)
(C:\Users\Nielsen\AppData\Roaming\MiKTeX\2.9\tex/generic/pgf/math\pgfmathfuncti
ons.integerarithmetics.code.tex)))
(C:\Users\Nielsen\AppData\Roaming\MiKTeX\2.9\tex/generic/pgf/math\pgfmathfloat.
code.tex
\c@pgfmathroundto@lastzeros=\count274
))
(C:\Users\Nielsen\AppData\Roaming\MiKTeX\2.9\tex/generic/pgf/math\pgfint.code.t
ex)
(C:\Users\Nielsen\AppData\Roaming\MiKTeX\2.9\tex/generic/pgf/basiclayer\pgfcore
points.code.tex
File: pgfcorepoints.code.tex 2020/12/27 v3.1.8b (3.1.8b)
\pgf@picminx=\dimen160
\pgf@picmaxx=\dimen161
\pgf@picminy=\dimen162
\pgf@picmaxy=\dimen163
\pgf@pathminx=\dimen164
\pgf@pathmaxx=\dimen165
\pgf@pathminy=\dimen166
\pgf@pathmaxy=\dimen167
\pgf@xx=\dimen168
\pgf@xy=\dimen169
\pgf@yx=\dimen170
\pgf@yy=\dimen171
\pgf@zx=\dimen172
\pgf@zy=\dimen173
)
(C:\Users\Nielsen\AppData\Roaming\MiKTeX\2.9\tex/generic/pgf/basiclayer\pgfcore
pathconstruct.code.tex
File: pgfcorepathconstruct.code.tex 2020/12/27 v3.1.8b (3.1.8b)
\pgf@path@lastx=\dimen174
\pgf@path@lasty=\dimen175
)
(C:\Users\Nielsen\AppData\Roaming\MiKTeX\2.9\tex/generic/pgf/basiclayer\pgfcore
pathusage.code.tex
File: pgfcorepathusage.code.tex 2020/12/27 v3.1.8b (3.1.8b)
\pgf@shorten@end@additional=\dimen176
\pgf@shorten@start@additional=\dimen177
)
(C:\Users\Nielsen\AppData\Roaming\MiKTeX\2.9\tex/generic/pgf/basiclayer\pgfcore
scopes.code.tex
File: pgfcorescopes.code.tex 2020/12/27 v3.1.8b (3.1.8b)
\pgfpic=\box50
\pgf@hbox=\box51
\pgf@layerbox@main=\box52
\pgf@picture@serial@count=\count275
)
(C:\Users\Nielsen\AppData\Roaming\MiKTeX\2.9\tex/generic/pgf/basiclayer\pgfcore
graphicstate.code.tex
File: pgfcoregraphicstate.code.tex 2020/12/27 v3.1.8b (3.1.8b)
\pgflinewidth=\dimen178
)
(C:\Users\Nielsen\AppData\Roaming\MiKTeX\2.9\tex/generic/pgf/basiclayer\pgfcore
transformations.code.tex
File: pgfcoretransformations.code.tex 2020/12/27 v3.1.8b (3.1.8b)
\pgf@pt@x=\dimen179
\pgf@pt@y=\dimen180
\pgf@pt@temp=\dimen181
)
(C:\Users\Nielsen\AppData\Roaming\MiKTeX\2.9\tex/generic/pgf/basiclayer\pgfcore
quick.code.tex
File: pgfcorequick.code.tex 2020/12/27 v3.1.8b (3.1.8b)
)
(C:\Users\Nielsen\AppData\Roaming\MiKTeX\2.9\tex/generic/pgf/basiclayer\pgfcore
objects.code.tex
File: pgfcoreobjects.code.tex 2020/12/27 v3.1.8b (3.1.8b)
)
(C:\Users\Nielsen\AppData\Roaming\MiKTeX\2.9\tex/generic/pgf/basiclayer\pgfcore
pathprocessing.code.tex
File: pgfcorepathprocessing.code.tex 2020/12/27 v3.1.8b (3.1.8b)
)
(C:\Users\Nielsen\AppData\Roaming\MiKTeX\2.9\tex/generic/pgf/basiclayer\pgfcore
arrows.code.tex
File: pgfcorearrows.code.tex 2020/12/27 v3.1.8b (3.1.8b)
\pgfarrowsep=\dimen182
)
(C:\Users\Nielsen\AppData\Roaming\MiKTeX\2.9\tex/generic/pgf/basiclayer\pgfcore
shade.code.tex
File: pgfcoreshade.code.tex 2020/12/27 v3.1.8b (3.1.8b)
\pgf@max=\dimen183
\pgf@sys@shading@range@num=\count276
\pgf@shadingcount=\count277
)
(C:\Users\Nielsen\AppData\Roaming\MiKTeX\2.9\tex/generic/pgf/basiclayer\pgfcore
image.code.tex
File: pgfcoreimage.code.tex 2020/12/27 v3.1.8b (3.1.8b)

(C:\Users\Nielsen\AppData\Roaming\MiKTeX\2.9\tex/generic/pgf/basiclayer\pgfcore
external.code.tex
File: pgfcoreexternal.code.tex 2020/12/27 v3.1.8b (3.1.8b)
\pgfexternal@startupbox=\box53
))
(C:\Users\Nielsen\AppData\Roaming\MiKTeX\2.9\tex/generic/pgf/basiclayer\pgfcore
layers.code.tex
File: pgfcorelayers.code.tex 2020/12/27 v3.1.8b (3.1.8b)
)
(C:\Users\Nielsen\AppData\Roaming\MiKTeX\2.9\tex/generic/pgf/basiclayer\pgfcore
transparency.code.tex
File: pgfcoretransparency.code.tex 2020/12/27 v3.1.8b (3.1.8b)
)
(C:\Users\Nielsen\AppData\Roaming\MiKTeX\2.9\tex/generic/pgf/basiclayer\pgfcore
patterns.code.tex
File: pgfcorepatterns.code.tex 2020/12/27 v3.1.8b (3.1.8b)
)
(C:\Users\Nielsen\AppData\Roaming\MiKTeX\2.9\tex/generic/pgf/basiclayer\pgfcore
rdf.code.tex
File: pgfcorerdf.code.tex 2020/12/27 v3.1.8b (3.1.8b)
)))
(C:\Users\Nielsen\AppData\Roaming\MiKTeX\2.9\tex/generic/pgf/modules\pgfmodules
hapes.code.tex
File: pgfmoduleshapes.code.tex 2020/12/27 v3.1.8b (3.1.8b)
\pgfnodeparttextbox=\box54
)
(C:\Users\Nielsen\AppData\Roaming\MiKTeX\2.9\tex/generic/pgf/modules\pgfmodulep
lot.code.tex
File: pgfmoduleplot.code.tex 2020/12/27 v3.1.8b (3.1.8b)
)
(C:\Users\Nielsen\AppData\Roaming\MiKTeX\2.9\tex/latex/pgf/compatibility\pgfcom
p-version-0-65.sty
Package: pgfcomp-version-0-65 2020/12/27 v3.1.8b (3.1.8b)
\pgf@nodesepstart=\dimen184
\pgf@nodesepend=\dimen185
)
(C:\Users\Nielsen\AppData\Roaming\MiKTeX\2.9\tex/latex/pgf/compatibility\pgfcom
p-version-1-18.sty
Package: pgfcomp-version-1-18 2020/12/27 v3.1.8b (3.1.8b)
))
(C:\Users\Nielsen\AppData\Roaming\MiKTeX\2.9\tex/latex/pgf/utilities\pgffor.sty

(C:\Users\Nielsen\AppData\Roaming\MiKTeX\2.9\tex/latex/pgf/utilities\pgfkeys.st
y
(C:\Users\Nielsen\AppData\Roaming\MiKTeX\2.9\tex/generic/pgf/utilities\pgfkeys.
code.tex))
(C:\Users\Nielsen\AppData\Roaming\MiKTeX\2.9\tex/latex/pgf/math\pgfmath.sty
(C:\Users\Nielsen\AppData\Roaming\MiKTeX\2.9\tex/generic/pgf/math\pgfmath.code.
tex))
(C:\Users\Nielsen\AppData\Roaming\MiKTeX\2.9\tex/generic/pgf/utilities\pgffor.c
ode.tex
Package: pgffor 2020/12/27 v3.1.8b (3.1.8b)

(C:\Users\Nielsen\AppData\Roaming\MiKTeX\2.9\tex/generic/pgf/math\pgfmath.code.
tex)
\pgffor@iter=\dimen186
\pgffor@skip=\dimen187
\pgffor@stack=\toks29
\pgffor@toks=\toks30
))
(C:\Users\Nielsen\AppData\Roaming\MiKTeX\2.9\tex/generic/pgf/frontendlayer/tikz
\tikz.code.tex
Package: tikz 2020/12/27 v3.1.8b (3.1.8b)

(C:\Users\Nielsen\AppData\Roaming\MiKTeX\2.9\tex/generic/pgf/libraries\pgflibra
ryplothandlers.code.tex
File: pgflibraryplothandlers.code.tex 2020/12/27 v3.1.8b (3.1.8b)
\pgf@plot@mark@count=\count278
\pgfplotmarksize=\dimen188
)
\tikz@lastx=\dimen189
\tikz@lasty=\dimen190
\tikz@lastxsaved=\dimen191
\tikz@lastysaved=\dimen192
\tikz@lastmovetox=\dimen193
\tikz@lastmovetoy=\dimen194
\tikzleveldistance=\dimen195
\tikzsiblingdistance=\dimen196
\tikz@figbox=\box55
\tikz@figbox@bg=\box56
\tikz@tempbox=\box57
\tikz@tempbox@bg=\box58
\tikztreelevel=\count279
\tikznumberofchildren=\count280
\tikznumberofcurrentchild=\count281
\tikz@fig@count=\count282

(C:\Users\Nielsen\AppData\Roaming\MiKTeX\2.9\tex/generic/pgf/modules\pgfmodulem
atrix.code.tex
File: pgfmodulematrix.code.tex 2020/12/27 v3.1.8b (3.1.8b)
\pgfmatrixcurrentrow=\count283
\pgfmatrixcurrentcolumn=\count284
\pgf@matrix@numberofcolumns=\count285
)
\tikz@expandcount=\count286

(C:\Users\Nielsen\AppData\Roaming\MiKTeX\2.9\tex/generic/pgf/frontendlayer/tikz
/libraries\tikzlibrarytopaths.code.tex
File: tikzlibrarytopaths.code.tex 2020/12/27 v3.1.8b (3.1.8b)
)))
(C:\Users\Nielsen\AppData\Roaming\MiKTeX\2.9\tex/generic/pgf/frontendlayer/tikz
/libraries\tikzlibrarysvg.path.code.tex
File: tikzlibrarysvg.path.code.tex 2020/12/27 v3.1.8b (3.1.8b)

(C:\Users\Nielsen\AppData\Roaming\MiKTeX\2.9\tex/generic/pgf/libraries\pgflibra
rysvg.path.code.tex
File: pgflibrarysvg.path.code.tex 2020/12/27 v3.1.8b (3.1.8b)

(C:\Users\Nielsen\AppData\Roaming\MiKTeX\2.9\tex/generic/pgf/modules\pgfmodulep
arser.code.tex
File: pgfmoduleparser.code.tex 2020/12/27 v3.1.8b (3.1.8b)
\pgfparserdef@arg@count=\count287
)
\pgf@lib@svg@last@x=\dimen197
\pgf@lib@svg@last@y=\dimen198
\pgf@lib@svg@last@c@x=\dimen199
\pgf@lib@svg@last@c@y=\dimen256
\pgf@lib@svg@count=\count288
\pgf@lib@svg@max@num=\count289
))
\@curXheight=\skip50
)
(C:\Users\Nielsen\AppData\Roaming\MiKTeX\2.9\tex/latex/natbib\natbib.sty
Package: natbib 2010/09/13 8.31b (PWD, AO)
\bibhang=\skip51
\bibsep=\skip52
LaTeX Info: Redefining \cite on input line 694.
\c@NAT@ctr=\count290
)
(C:\Users\Nielsen\AppData\Roaming\MiKTeX\2.9\tex/latex/natbib\bibentry.sty
Package: bibentry 2007/10/30 1.5 (PWD)
)
(AnnotatedWorks-FrankNIELSEN.bbl)
(C:\Users\Nielsen\AppData\Roaming\MiKTeX\2.9\tex/generic/tex4ht\tex4ht.4ht
version 2020-03-12-14:03
--------------------------------------
--- Note --- for additional information, use the command line option `info'
--------------------------------------

::::::::::::::::::::::::::::::::::::::::::
 TeX4ht info is available in the log file 
::::::::::::::::::::::::::::::::::::::::::
) (C:\Users\Nielsen\AppData\Roaming\MiKTeX\2.9\tex/generic/tex4ht\tex4ht.sty
version 2021-01-02-13:53

--- needs --- tex4ht AnnotatedWorks-FrankNIELSEN ---
\tmp:cnt=\count291
\openout15 = `AnnotatedWorks-FrankNIELSEN.tmp'.

(AnnotatedWorks-FrankNIELSEN.tmp)
\tmp:dim=\skip53
--------------------------------------
--- Note --- for XML code, use the command line option `xml' or `xhtml'
--------------------------------------
 (AnnotatedWorks-FrankNIELSEN.xref)
\:refout=\write4
\openout4 = `AnnotatedWorks-FrankNIELSEN.xref'.


(C:\Users\Nielsen\AppData\Roaming\MiKTeX\2.9\tex/generic/tex4ht\html4.4ht
version 2021-02-14-13:56
--------------------------------------
--- Note --- to remove the <?xml version=...?> processing instruction use the c
ommand line option `no-VERSION'
--------------------------------------
--------------------------------------
--- Note --- to remove the DOCTYPE declaration use the command line option `no-
DOCTYPE'
--------------------------------------
)
(C:\Users\Nielsen\AppData\Roaming\MiKTeX\2.9\tex/generic/tex4ht\html4-math.4ht
version 2021-01-30-14:17
)
--------------------------------------
--- Note --- for marking of the base font, use the command line option `fonts+'

--------------------------------------
--------------------------------------
--- Note --- for non active _, use the command line option `no_'
--------------------------------------
--------------------------------------
--- Note --- for _ of catcode 13, use the command line option `_13'
--------------------------------------
--------------------------------------
--- Note --- for non active ^, use the command line option `no^'
--------------------------------------
--------------------------------------
--- Note --- for ^ of catcode 13, use the command line option `^13'
--------------------------------------
(C:\Users\Nielsen\AppData\Roaming\MiKTeX\2.9\tex/generic/tex4ht\html4.4ht
version 2021-02-14-13:56
--------------------------------------
--- Note --- for alternative charset, use the command line option `charset=...'

--------------------------------------
--------------------------------------
--- Note --- to ignore CSS font decoration, use the `NoFonts' command line opti
on
--------------------------------------
--------------------------------------
--- Note --- for jpg bitmaps of pictures, use the `jpg' command line option. (C
haracter bitmaps are controled only by `g' records of tex4ht.env and `-g' switc
hes of tex4ht.c) 
--------------------------------------
--------------------------------------
--- Note --- for gif bitmaps of pictures, use the `gif' command line option. (C
haracter bitmaps are controled only by `g' records of tex4ht.env and `-g' switc
hes of tex4ht.c) 
--------------------------------------
--------------------------------------
--- Note --- for content and toc in 2 frames, use the command line option `fram
es'
--------------------------------------
--------------------------------------
--- Note --- for content, toc, and footnotes in 3 frames, use the command line 
option `frames-fn'
--------------------------------------
--------------------------------------
--- Note --- for file extension name xht, use the command line option `xht'
--------------------------------------
TeX4ht package options: html
--------------------------------------
--- Note --- To print a timestamp, use the command line option timestamp
--------------------------------------
--------------------------------------
--- Note --- to ignore CSS code, use the command line option `-css
--------------------------------------
--------------------------------------
--- Note --- for inline CSS code, use the command line option `css-in'
--------------------------------------
--------------------------------------
--- Note --- for pop ups on mouse over, use the command line option `mouseover'

--------------------------------------
--------------------------------------
--- Note --- for addressing images in a subdirectory, use the command line opti
on `imgdir:.../'
--------------------------------------
)
(C:\Users\Nielsen\AppData\Roaming\MiKTeX\2.9\tex/generic/tex4ht\html4-math.4ht
version 2021-01-30-14:17
)
\:tokwrite=\toks31
\:tokpage=\toks32
--------------------------------------
--- Note --- for back links to toc, use the command line option `sections+'
--------------------------------------
--------------------------------------
--- Note --- for linear crosslinks of pages, use the command line option `next'

--------------------------------------
\openout15 = `AnnotatedWorks-FrankNIELSEN.4ct'.

\:tocout=\write5
\openout5 = `AnnotatedWorks-FrankNIELSEN.4tc'.

(C:\Users\Nielsen\AppData\Roaming\MiKTeX\2.9\tex/generic/tex4ht\html4.4ht
version 2021-02-14-13:56
)
(C:\Users\Nielsen\AppData\Roaming\MiKTeX\2.9\tex/generic/tex4ht\html4-math.4ht
version 2021-01-30-14:17
) (C:\Users\Nielsen\AppData\Roaming\MiKTeX\2.9\tex/generic/tex4ht\latex.4ht
version 2021-02-06-14:21
LaTeX Info: Redefining \_ on input line 173.
LaTeX Info: Redefining \, on input line 791.
LaTeX Info: Redefining \; on input line 792.
LaTeX Info: Redefining \! on input line 793.
LaTeX Info: Redefining \: on input line 794.
LaTeX Info: Redefining \> on input line 795.
--------------------------------------
--- Note --- for links into captions, instead of float heads, use the command l
ine option `refcaption'
--------------------------------------

(C:\Users\Nielsen\AppData\Roaming\MiKTeX\2.9\tex/generic/tex4ht\html4.4ht
version 2021-02-14-13:56
)
(C:\Users\Nielsen\AppData\Roaming\MiKTeX\2.9\tex/generic/tex4ht\html4-math.4ht
version 2021-01-30-14:17
) (C:\Users\Nielsen\AppData\Roaming\MiKTeX\2.9\tex/generic/tex4ht\html4.4ht
version 2021-02-14-13:56
--------------------------------------
--- Note --- For mini tocs immediately aftter the header use the command line o
ption `minitoc<'
--------------------------------------
--------------------------------------
--- Note --- for enumerated list elements with valued data, use the command lin
e option `enumerate+'
--------------------------------------
--------------------------------------
--- Note --- for enumerated list elements li's with value attributes, use the c
ommand line option `enumerate-'
--------------------------------------
--------------------------------------
--- Note --- for CSS2 code, use the command line option `css2'
--------------------------------------
--------------------------------------
--- Note --- for pictorial tabular, use the command line option `pic-tabular'
--------------------------------------
--------------------------------------
--- Note --- for bitmap fbox'es, use the command line option `pic-fbox'
--------------------------------------
--------------------------------------
--- Note --- for bitmap framebox'es, use the command line option `pic-framebox'

--------------------------------------
--------------------------------------
--- Note --- for inline footnotes use command line option `fn-in'
--------------------------------------
--------------------------------------
--- Note --- for tracing of latex font commands, use the command line option `f
onts'
--------------------------------------
--------------------------------------
--- Note --- for width specifications of tabular p entries, use the `p-width' c
ommand line option or a configuration similar to \Configure{HColWidth}{\HCode{ 
style="width:\HColWidth"}}
--------------------------------------
)
(C:\Users\Nielsen\AppData\Roaming\MiKTeX\2.9\tex/generic/tex4ht\html4-math.4ht
version 2021-01-30-14:17
--------------------------------------
--- Note --- for pictorial eqnarray, use the command line option `pic-eqnarray'

--------------------------------------
--------------------------------------
--- Note --- for pictorial array, use the command line option `pic-array'
--------------------------------------
--------------------------------------
--- Note --- for pictorial $...$ environments, use the command line option `pic
-m' (not recommended!!)
--------------------------------------
--------------------------------------
--- Note --- for pictorial $...$ and $$...$$ environments with latex alt, use t
he command line option `pic-m+' (not safe!!)
--------------------------------------
--------------------------------------
--- Note --- for pictorial array, use the command line option `pic-array'
--------------------------------------
)) (C:\Users\Nielsen\AppData\Roaming\MiKTeX\2.9\tex/generic/tex4ht\fontmath.4ht
version 2018-11-06-15:55

(C:\Users\Nielsen\AppData\Roaming\MiKTeX\2.9\tex/generic/tex4ht\html4.4ht
version 2021-02-14-13:56
)
(C:\Users\Nielsen\AppData\Roaming\MiKTeX\2.9\tex/generic/tex4ht\html4-math.4ht
version 2021-01-30-14:17
)) (C:\Users\Nielsen\AppData\Roaming\MiKTeX\2.9\tex/generic/tex4ht\article.4ht
(C:\Users\Nielsen\AppData\Roaming\MiKTeX\2.9\tex/generic/tex4ht\html4.4ht
version 2021-02-14-13:56
--------------------------------------
--- Note --- for automatic sectioning pagination, use the command line option `
1', `2', `3', '4', '5', '6', or '7'
--------------------------------------
--------------------------------------
--- Note --- for files named derived from section titles, use the command line 
option `sec-filename'
--------------------------------------
--------------------------------------
--- Note --- for i-columns index, use the command line option `index=i' (e.g., 
index=2)
--------------------------------------
)
(C:\Users\Nielsen\AppData\Roaming\MiKTeX\2.9\tex/generic/tex4ht\html4-math.4ht
version 2021-01-30-14:17
)) (C:\Users\Nielsen\AppData\Roaming\MiKTeX\2.9\tex/generic/tex4ht\amssymb.4ht
version 2009-05-21-09:32

(C:\Users\Nielsen\AppData\Roaming\MiKTeX\2.9\tex/generic/tex4ht\html4.4ht
version 2021-02-14-13:56
)
(C:\Users\Nielsen\AppData\Roaming\MiKTeX\2.9\tex/generic/tex4ht\html4-math.4ht
version 2021-01-30-14:17
)) (C:\Users\Nielsen\AppData\Roaming\MiKTeX\2.9\tex/generic/tex4ht\amsfonts.4ht
version 2009-05-21-09:32

(C:\Users\Nielsen\AppData\Roaming\MiKTeX\2.9\tex/generic/tex4ht\html4.4ht
version 2021-02-14-13:56
)
(C:\Users\Nielsen\AppData\Roaming\MiKTeX\2.9\tex/generic/tex4ht\html4-math.4ht
version 2021-01-30-14:17
)) (C:\Users\Nielsen\AppData\Roaming\MiKTeX\2.9\tex/generic/tex4ht\hyperref.4ht
version 2021-01-02-13:53
LaTeX Info: Redefining \autoref on input line 88.
\Hy@SectionHShift=\skip54

(C:\Users\Nielsen\AppData\Roaming\MiKTeX\2.9\tex/generic/tex4ht\html4.4ht
version 2021-02-14-13:56
)
(C:\Users\Nielsen\AppData\Roaming\MiKTeX\2.9\tex/generic/tex4ht\html4-math.4ht
version 2021-01-30-14:17
)) (C:\Users\Nielsen\AppData\Roaming\MiKTeX\2.9\tex/generic/tex4ht\pd1enc.4ht
version 2009-05-21-09:32

(C:\Users\Nielsen\AppData\Roaming\MiKTeX\2.9\tex/generic/tex4ht\html4.4ht
version 2021-02-14-13:56
)
(C:\Users\Nielsen\AppData\Roaming\MiKTeX\2.9\tex/generic/tex4ht\html4-math.4ht
version 2021-01-30-14:17
)) (C:\Users\Nielsen\AppData\Roaming\MiKTeX\2.9\tex/generic/tex4ht\url.4ht
version 2009-05-21-09:32

(C:\Users\Nielsen\AppData\Roaming\MiKTeX\2.9\tex/generic/tex4ht\html4.4ht
version 2021-02-14-13:56
--------------------------------------
--- Note --- for URL encoding within href use the command line option `url-enc'

--------------------------------------
)
(C:\Users\Nielsen\AppData\Roaming\MiKTeX\2.9\tex/generic/tex4ht\html4-math.4ht
version 2021-01-30-14:17
)) (C:\Users\Nielsen\AppData\Roaming\MiKTeX\2.9\tex/generic/tex4ht\nameref.4ht
version 2021-02-03-14:57

(C:\Users\Nielsen\AppData\Roaming\MiKTeX\2.9\tex/generic/tex4ht\html4.4ht
version 2021-02-14-13:56
)
(C:\Users\Nielsen\AppData\Roaming\MiKTeX\2.9\tex/generic/tex4ht\html4-math.4ht
version 2021-01-30-14:17
)) (C:\Users\Nielsen\AppData\Roaming\MiKTeX\2.9\tex/generic/tex4ht\pgf.4ht
version 2009-05-21-09:32

(C:\Users\Nielsen\AppData\Roaming\MiKTeX\2.9\tex/generic/tex4ht\html4.4ht
version 2021-02-14-13:56
)
(C:\Users\Nielsen\AppData\Roaming\MiKTeX\2.9\tex/generic/tex4ht\html4-math.4ht
version 2021-01-30-14:17
)) (C:\Users\Nielsen\AppData\Roaming\MiKTeX\2.9\tex/generic/tex4ht\graphicx.4ht
version 2018-10-01-14:24

(C:\Users\Nielsen\AppData\Roaming\MiKTeX\2.9\tex/generic/tex4ht\html4.4ht
version 2021-02-14-13:56
)
(C:\Users\Nielsen\AppData\Roaming\MiKTeX\2.9\tex/generic/tex4ht\html4-math.4ht
version 2021-01-30-14:17
)) (C:\Users\Nielsen\AppData\Roaming\MiKTeX\2.9\tex/generic/tex4ht\graphics.4ht

(C:\Users\Nielsen\AppData\Roaming\MiKTeX\2.9\tex/generic/tex4ht\html4.4ht
version 2021-02-14-13:56
--------------------------------------
--- Note --- if included graphics are of degraded quality, try the command line
 options `graphics-num' or `graphics-'. The `num' should provide the density of
 pixels in the bitmaps (e.g., 110). 
--------------------------------------
--------------------------------------
--- Note --- for key dimensions try the option `Gin-dim'; for key dimensions wh
en bounding box is unavailable try `Gin-dim+'; neither is recommended
--------------------------------------
)
(C:\Users\Nielsen\AppData\Roaming\MiKTeX\2.9\tex/generic/tex4ht\html4-math.4ht
version 2021-01-30-14:17
)) (C:\Users\Nielsen\AppData\Roaming\MiKTeX\2.9\tex/generic/tex4ht\dvips.4ht
version 2009-05-21-09:32

(C:\Users\Nielsen\AppData\Roaming\MiKTeX\2.9\tex/generic/tex4ht\html4.4ht
version 2021-02-14-13:56
)
(C:\Users\Nielsen\AppData\Roaming\MiKTeX\2.9\tex/generic/tex4ht\html4-math.4ht
version 2021-01-30-14:17
)) (C:\Users\Nielsen\AppData\Roaming\MiKTeX\2.9\tex/generic/tex4ht\xcolor.4ht
version 2019-04-09-10:06

(C:\Users\Nielsen\AppData\Roaming\MiKTeX\2.9\tex/generic/tex4ht\color.4ht
(C:\Users\Nielsen\AppData\Roaming\MiKTeX\2.9\tex/generic/tex4ht\html4.4ht
version 2021-02-14-13:56
)
(C:\Users\Nielsen\AppData\Roaming\MiKTeX\2.9\tex/generic/tex4ht\html4-math.4ht
version 2021-01-30-14:17
)) (C:\Users\Nielsen\AppData\Roaming\MiKTeX\2.9\tex/generic/tex4ht\html4.4ht
version 2021-02-14-13:56
)
(C:\Users\Nielsen\AppData\Roaming\MiKTeX\2.9\tex/generic/tex4ht\html4-math.4ht
version 2021-01-30-14:17
)) (C:\Users\Nielsen\AppData\Roaming\MiKTeX\2.9\tex/generic/tex4ht\color.4ht)
(C:\Users\Nielsen\AppData\Roaming\MiKTeX\2.9\tex/generic/tex4ht\natbib.4ht
(C:\Users\Nielsen\AppData\Roaming\MiKTeX\2.9\tex/generic/tex4ht\html4.4ht
version 2021-02-14-13:56
)
(C:\Users\Nielsen\AppData\Roaming\MiKTeX\2.9\tex/generic/tex4ht\html4-math.4ht
version 2021-01-30-14:17
)) (C:\Users\Nielsen\AppData\Roaming\MiKTeX\2.9\tex/generic/tex4ht\html4.4ht
version 2021-02-14-13:56
)
(C:\Users\Nielsen\AppData\Roaming\MiKTeX\2.9\tex/generic/tex4ht\html4-math.4ht
version 2021-01-30-14:17
))
(C:\Users\Nielsen\AppData\Roaming\MiKTeX\2.9\tex/latex/l3backend\l3backend-dvip
s.def
File: l3backend-dvips.def 2021-03-18 L3 backend support: dvips
\l__pdf_internal_box=\box59
\g__pdf_backend_object_int=\count292
\l__pdf_backend_content_box=\box60
\l__pdf_backend_model_box=\box61
\g__pdf_backend_annotation_int=\count293
\g__pdf_backend_link_int=\count294
\g__pdf_backend_link_sf_int=\count295
) (AnnotatedWorks-FrankNIELSEN.aux)
\openout1 = `AnnotatedWorks-FrankNIELSEN.aux'.

LaTeX Font Info:    Checking defaults for OML/cmm/m/it on input line 38.
LaTeX Font Info:    ... okay on input line 38.
LaTeX Font Info:    Checking defaults for OMS/cmsy/m/n on input line 38.
LaTeX Font Info:    ... okay on input line 38.
LaTeX Font Info:    Checking defaults for OT1/cmr/m/n on input line 38.
LaTeX Font Info:    ... okay on input line 38.
LaTeX Font Info:    Checking defaults for T1/cmr/m/n on input line 38.
LaTeX Font Info:    ... okay on input line 38.
LaTeX Font Info:    Checking defaults for TS1/cmr/m/n on input line 38.
LaTeX Font Info:    ... okay on input line 38.
LaTeX Font Info:    Checking defaults for OMX/cmex/m/n on input line 38.
LaTeX Font Info:    ... okay on input line 38.
LaTeX Font Info:    Checking defaults for U/cmr/m/n on input line 38.
LaTeX Font Info:    ... okay on input line 38.
LaTeX Font Info:    Checking defaults for PD1/pdf/m/n on input line 38.
LaTeX Font Info:    ... okay on input line 38.
LaTeX Font Info:    Checking defaults for PU/pdf/m/n on input line 38.
LaTeX Font Info:    ... okay on input line 38.
Package hyperref Info: Link coloring ON on input line 38.
LaTeX Info: Redefining \ref on input line 38.
LaTeX Info: Redefining \pageref on input line 38.
LaTeX Info: Redefining \nameref on input line 38.
--- file AnnotatedWorks-FrankNIELSEN.css ---
 [1

] [2]
LaTeX Font Info:    Trying to load font information for U+msa on input line 39.


(C:\Program Files\MiKTeX 2.9\tex/latex/amsfonts\umsa.fd
File: umsa.fd 2013/01/14 v3.01 AMS symbols A
)
LaTeX Font Info:    Trying to load font information for U+msb on input line 39.


(C:\Program Files\MiKTeX 2.9\tex/latex/amsfonts\umsb.fd
File: umsb.fd 2013/01/14 v3.01 AMS symbols B
)

Package natbib Warning: Citation `Csiszar-1967' on page 3 undefined on input li
ne 45.

l. 45 Writing AnnotatedWorks-FrankNIELSEN.idv[1] (AnnotatedWorks-FrankNIELSEN0x
.png)
l. 46 Writing AnnotatedWorks-FrankNIELSEN.idv[2] (AnnotatedWorks-FrankNIELSEN1x
.png)
l. 46 Writing AnnotatedWorks-FrankNIELSEN.idv[3] (AnnotatedWorks-FrankNIELSEN2x
.png)
l. 46 Writing AnnotatedWorks-FrankNIELSEN.idv[4] (AnnotatedWorks-FrankNIELSEN3x
.png)
l. 48 Writing AnnotatedWorks-FrankNIELSEN.idv[5] (AnnotatedWorks-FrankNIELSEN4x
.png)
l. 49 Writing AnnotatedWorks-FrankNIELSEN.idv[6] (AnnotatedWorks-FrankNIELSEN5x
.png)
l. 56 Writing AnnotatedWorks-FrankNIELSEN.idv[7] (AnnotatedWorks-FrankNIELSEN6x
.png)
[3]
l. 62 Writing AnnotatedWorks-FrankNIELSEN.idv[8] (AnnotatedWorks-FrankNIELSEN7x
.png)
l. 66 Writing AnnotatedWorks-FrankNIELSEN.idv[9] (AnnotatedWorks-FrankNIELSEN8x
.png)
 (AnnotatedWorks-FrankNIELSEN.bbl)

Package natbib Warning: There were undefined citations.

[4] [5

] (AnnotatedWorks-FrankNIELSEN.aux) ) 
Here is how much of TeX's memory you used:
 22955 strings out of 479296
 409841 string characters out of 2863330
 803894 words of memory out of 3000000
 39938 multiletter control sequences out of 15000+600000
 411835 words of font info for 60 fonts, out of 8000000 for 9000
 1141 hyphenation exceptions out of 8191
 141i,12n,177p,997b,1275s stack positions out of 5000i,500n,10000p,200000b,80000s

Output written on AnnotatedWorks-FrankNIELSEN.dvi (5 pages, 24384 bytes).
