This is pdfTeX, Version 3.141592653-2.6-1.40.22 (MiKTeX 21.3) (preloaded format=latex 2021.4.14)  6 OCT 2021 19:39
entering extended mode
**\makeatletter\def\HCode{\futurelet\HCode\HChar}\def\HChar{\ifx\HCode\def\HCod
e##1{\Link##1}\expandafter\HCode\else\expandafter\Link\fi}\def\Link#1.a.b.c.{\g
@addto@macro\@documentclasshook{\RequirePackage[#1,html]{tex4ht}}\let\HCode\doc
umentstyle\def\documentstyle{\let\documentstyle\HCode\expandafter\def\csname te
x4ht\endcsname{#1,html}\def\HCode####1{\documentstyle[tex4ht,}\@ifnextchar[{\HC
ode}{\documentstyle[tex4ht]}}}\makeatother\HCode .a.b.c.\input  HilbertSimplexD
istance.tex
 (HilbertSimplexDistance.tex
(C:\Program Files\MiKTeX 2.9\tex/latex/base\article.cls
Document Class: article 2020/04/10 v1.4m Standard LaTeX document class
(C:\Program Files\MiKTeX 2.9\tex/latex/base\size10.clo
File: size10.clo 2020/04/10 v1.4m Standard LaTeX file (size option)
)
\c@part=\count179
\c@section=\count180
\c@subsection=\count181
\c@subsubsection=\count182
\c@paragraph=\count183
\c@subparagraph=\count184
\c@figure=\count185
\c@table=\count186
\abovecaptionskip=\skip47
\belowcaptionskip=\skip48
\bibindent=\dimen138
)
(C:\Users\Nielsen\AppData\Roaming\MiKTeX\2.9\tex/generic/tex4ht\tex4ht.sty
version 2021-01-02-13:53
Package: tex4ht 
--------------------------------------
--- Note --- for _ at preamble, use the command line option `early_'
--------------------------------------
--------------------------------------
--- Note --- for ^ at preamble, use the command line option `early^'
--------------------------------------
\tmp:toks=\toks15
)
(C:\Users\Nielsen\AppData\Roaming\MiKTeX\2.9\tex/generic/tex4ht\usepackage.4ht
version 2021-02-07-14:58
) (C:\Users\Nielsen\AppData\Roaming\MiKTeX\2.9\tex/latex/preprint\fullpage.sty
Package: fullpage 1999/02/23 1.1 (PWD)
\FP@margin=\skip49
)
(C:\Program Files\MiKTeX 2.9\tex/latex/amsfonts\amssymb.sty
Package: amssymb 2013/01/14 v3.01 AMS font symbols

(C:\Program Files\MiKTeX 2.9\tex/latex/amsfonts\amsfonts.sty
Package: amsfonts 2013/01/14 v3.01 Basic AMSFonts support
\@emptytoks=\toks16
\symAMSa=\mathgroup4
\symAMSb=\mathgroup5
LaTeX Font Info:    Redeclaring math symbol \hbar on input line 98.
LaTeX Font Info:    Overwriting math alphabet `\mathfrak' in version `bold'
(Font)                  U/euf/m/n --> U/euf/b/n on input line 106.
))
(C:\Program Files\MiKTeX 2.9\tex/latex/amsmath\amsmath.sty
Package: amsmath 2020/09/23 v2.17i AMS math features
\@mathmargin=\skip50

For additional information on amsmath, use the `?' option.
(C:\Program Files\MiKTeX 2.9\tex/latex/amsmath\amstext.sty
Package: amstext 2000/06/29 v2.01 AMS text

(C:\Program Files\MiKTeX 2.9\tex/latex/amsmath\amsgen.sty
File: amsgen.sty 1999/11/30 v2.0 generic functions
\@emptytoks=\toks17
\ex@=\dimen139
))
(C:\Program Files\MiKTeX 2.9\tex/latex/amsmath\amsbsy.sty
Package: amsbsy 1999/11/29 v1.2d Bold Symbols
\pmbraise@=\dimen140
)
(C:\Program Files\MiKTeX 2.9\tex/latex/amsmath\amsopn.sty
Package: amsopn 2016/03/08 v2.02 operator names
)
\inf@bad=\count187
LaTeX Info: Redefining \frac on input line 234.
\uproot@=\count188
\leftroot@=\count189
LaTeX Info: Redefining \overline on input line 399.
\classnum@=\count190
\DOTSCASE@=\count191
LaTeX Info: Redefining \ldots on input line 496.
LaTeX Info: Redefining \dots on input line 499.
LaTeX Info: Redefining \cdots on input line 620.
\Mathstrutbox@=\box47
\strutbox@=\box48
\big@size=\dimen141
LaTeX Font Info:    Redeclaring font encoding OML on input line 743.
LaTeX Font Info:    Redeclaring font encoding OMS on input line 744.
\macc@depth=\count192
\c@MaxMatrixCols=\count193
\dotsspace@=\muskip16
\c@parentequation=\count194
\dspbrk@lvl=\count195
\tag@help=\toks18
\row@=\count196
\column@=\count197
\maxfields@=\count198
\andhelp@=\toks19
\eqnshift@=\dimen142
\alignsep@=\dimen143
\tagshift@=\dimen144
\tagwidth@=\dimen145
\totwidth@=\dimen146
\lineht@=\dimen147
\@envbody=\toks20
\multlinegap=\skip51
\multlinetaggap=\skip52
\mathdisplay@stack=\toks21
LaTeX Info: Redefining \[ on input line 2923.
LaTeX Info: Redefining \] on input line 2924.
)
(C:\Users\Nielsen\AppData\Roaming\MiKTeX\2.9\tex/latex/url\url.sty
\Urlmuskip=\muskip17
Package: url 2013/09/16  ver 3.4  Verb mode for urls, etc.
)
\c@theorem=\count199

(C:\Users\Nielsen\AppData\Roaming\MiKTeX\2.9\tex/generic/tex4ht\tex4ht.4ht
version 2020-03-12-14:03
--------------------------------------
--- Note --- for additional information, use the command line option `info'
--------------------------------------

::::::::::::::::::::::::::::::::::::::::::
 TeX4ht info is available in the log file 
::::::::::::::::::::::::::::::::::::::::::
) (C:\Users\Nielsen\AppData\Roaming\MiKTeX\2.9\tex/generic/tex4ht\tex4ht.sty
version 2021-01-02-13:53

--- needs --- tex4ht HilbertSimplexDistance ---
\tmp:cnt=\count266
\openout15 = `HilbertSimplexDistance.tmp'.

(HilbertSimplexDistance.tmp)
\tmp:dim=\skip53
--------------------------------------
--- Note --- for XML code, use the command line option `xml' or `xhtml'
--------------------------------------
 (HilbertSimplexDistance.xref)
\:refout=\write3
\openout3 = `HilbertSimplexDistance.xref'.


(C:\Users\Nielsen\AppData\Roaming\MiKTeX\2.9\tex/generic/tex4ht\html4.4ht
version 2021-02-14-13:56
--------------------------------------
--- Note --- to remove the <?xml version=...?> processing instruction use the c
ommand line option `no-VERSION'
--------------------------------------
--------------------------------------
--- Note --- to remove the DOCTYPE declaration use the command line option `no-
DOCTYPE'
--------------------------------------
)
(C:\Users\Nielsen\AppData\Roaming\MiKTeX\2.9\tex/generic/tex4ht\html4-math.4ht
version 2021-01-30-14:17
)
--------------------------------------
--- Note --- for marking of the base font, use the command line option `fonts+'

--------------------------------------
--------------------------------------
--- Note --- for non active _, use the command line option `no_'
--------------------------------------
--------------------------------------
--- Note --- for _ of catcode 13, use the command line option `_13'
--------------------------------------
--------------------------------------
--- Note --- for non active ^, use the command line option `no^'
--------------------------------------
--------------------------------------
--- Note --- for ^ of catcode 13, use the command line option `^13'
--------------------------------------
(C:\Users\Nielsen\AppData\Roaming\MiKTeX\2.9\tex/generic/tex4ht\html4.4ht
version 2021-02-14-13:56
--------------------------------------
--- Note --- for alternative charset, use the command line option `charset=...'

--------------------------------------
--------------------------------------
--- Note --- to ignore CSS font decoration, use the `NoFonts' command line opti
on
--------------------------------------
--------------------------------------
--- Note --- for jpg bitmaps of pictures, use the `jpg' command line option. (C
haracter bitmaps are controled only by `g' records of tex4ht.env and `-g' switc
hes of tex4ht.c) 
--------------------------------------
--------------------------------------
--- Note --- for gif bitmaps of pictures, use the `gif' command line option. (C
haracter bitmaps are controled only by `g' records of tex4ht.env and `-g' switc
hes of tex4ht.c) 
--------------------------------------
--------------------------------------
--- Note --- for content and toc in 2 frames, use the command line option `fram
es'
--------------------------------------
--------------------------------------
--- Note --- for content, toc, and footnotes in 3 frames, use the command line 
option `frames-fn'
--------------------------------------
--------------------------------------
--- Note --- for file extension name xht, use the command line option `xht'
--------------------------------------
TeX4ht package options: html
--------------------------------------
--- Note --- To print a timestamp, use the command line option timestamp
--------------------------------------
--------------------------------------
--- Note --- to ignore CSS code, use the command line option `-css
--------------------------------------
--------------------------------------
--- Note --- for inline CSS code, use the command line option `css-in'
--------------------------------------
--------------------------------------
--- Note --- for pop ups on mouse over, use the command line option `mouseover'

--------------------------------------
--------------------------------------
--- Note --- for addressing images in a subdirectory, use the command line opti
on `imgdir:.../'
--------------------------------------
)
(C:\Users\Nielsen\AppData\Roaming\MiKTeX\2.9\tex/generic/tex4ht\html4-math.4ht
version 2021-01-30-14:17
)
\:tokwrite=\toks22
\:tokpage=\toks23
--------------------------------------
--- Note --- for back links to toc, use the command line option `sections+'
--------------------------------------
--------------------------------------
--- Note --- for linear crosslinks of pages, use the command line option `next'

--------------------------------------
\openout15 = `HilbertSimplexDistance.4ct'.

\:tocout=\write4
\openout4 = `HilbertSimplexDistance.4tc'.

(C:\Users\Nielsen\AppData\Roaming\MiKTeX\2.9\tex/generic/tex4ht\html4.4ht
version 2021-02-14-13:56
)
(C:\Users\Nielsen\AppData\Roaming\MiKTeX\2.9\tex/generic/tex4ht\html4-math.4ht
version 2021-01-30-14:17
) (C:\Users\Nielsen\AppData\Roaming\MiKTeX\2.9\tex/generic/tex4ht\latex.4ht
version 2021-02-06-14:21
LaTeX Info: Redefining \_ on input line 173.
LaTeX Info: Redefining \, on input line 791.
LaTeX Info: Redefining \; on input line 792.
LaTeX Info: Redefining \! on input line 793.
LaTeX Info: Redefining \: on input line 794.
LaTeX Info: Redefining \> on input line 795.
--------------------------------------
--- Note --- for links into captions, instead of float heads, use the command l
ine option `refcaption'
--------------------------------------

(C:\Users\Nielsen\AppData\Roaming\MiKTeX\2.9\tex/generic/tex4ht\html4.4ht
version 2021-02-14-13:56
)
(C:\Users\Nielsen\AppData\Roaming\MiKTeX\2.9\tex/generic/tex4ht\html4-math.4ht
version 2021-01-30-14:17
) (C:\Users\Nielsen\AppData\Roaming\MiKTeX\2.9\tex/generic/tex4ht\html4.4ht
version 2021-02-14-13:56
--------------------------------------
--- Note --- For mini tocs immediately aftter the header use the command line o
ption `minitoc<'
--------------------------------------
--------------------------------------
--- Note --- for enumerated list elements with valued data, use the command lin
e option `enumerate+'
--------------------------------------
--------------------------------------
--- Note --- for enumerated list elements li's with value attributes, use the c
ommand line option `enumerate-'
--------------------------------------
--------------------------------------
--- Note --- for CSS2 code, use the command line option `css2'
--------------------------------------
--------------------------------------
--- Note --- for pictorial tabular, use the command line option `pic-tabular'
--------------------------------------
--------------------------------------
--- Note --- for bitmap fbox'es, use the command line option `pic-fbox'
--------------------------------------
--------------------------------------
--- Note --- for bitmap framebox'es, use the command line option `pic-framebox'

--------------------------------------
--------------------------------------
--- Note --- for inline footnotes use command line option `fn-in'
--------------------------------------
--------------------------------------
--- Note --- for tracing of latex font commands, use the command line option `f
onts'
--------------------------------------
--------------------------------------
--- Note --- for width specifications of tabular p entries, use the `p-width' c
ommand line option or a configuration similar to \Configure{HColWidth}{\HCode{ 
style="width:\HColWidth"}}
--------------------------------------
)
(C:\Users\Nielsen\AppData\Roaming\MiKTeX\2.9\tex/generic/tex4ht\html4-math.4ht
version 2021-01-30-14:17
--------------------------------------
--- Note --- for pictorial eqnarray, use the command line option `pic-eqnarray'

--------------------------------------
--------------------------------------
--- Note --- for pictorial array, use the command line option `pic-array'
--------------------------------------
--------------------------------------
--- Note --- for pictorial $...$ environments, use the command line option `pic
-m' (not recommended!!)
--------------------------------------
--------------------------------------
--- Note --- for pictorial $...$ and $$...$$ environments with latex alt, use t
he command line option `pic-m+' (not safe!!)
--------------------------------------
--------------------------------------
--- Note --- for pictorial array, use the command line option `pic-array'
--------------------------------------
)) (C:\Users\Nielsen\AppData\Roaming\MiKTeX\2.9\tex/generic/tex4ht\fontmath.4ht
version 2018-11-06-15:55

(C:\Users\Nielsen\AppData\Roaming\MiKTeX\2.9\tex/generic/tex4ht\html4.4ht
version 2021-02-14-13:56
)
(C:\Users\Nielsen\AppData\Roaming\MiKTeX\2.9\tex/generic/tex4ht\html4-math.4ht
version 2021-01-30-14:17
)) (C:\Users\Nielsen\AppData\Roaming\MiKTeX\2.9\tex/generic/tex4ht\article.4ht
(C:\Users\Nielsen\AppData\Roaming\MiKTeX\2.9\tex/generic/tex4ht\html4.4ht
version 2021-02-14-13:56
--------------------------------------
--- Note --- for automatic sectioning pagination, use the command line option `
1', `2', `3', '4', '5', '6', or '7'
--------------------------------------
--------------------------------------
--- Note --- for files named derived from section titles, use the command line 
option `sec-filename'
--------------------------------------
--------------------------------------
--- Note --- for i-columns index, use the command line option `index=i' (e.g., 
index=2)
--------------------------------------
)
(C:\Users\Nielsen\AppData\Roaming\MiKTeX\2.9\tex/generic/tex4ht\html4-math.4ht
version 2021-01-30-14:17
)) (C:\Users\Nielsen\AppData\Roaming\MiKTeX\2.9\tex/generic/tex4ht\amssymb.4ht
version 2009-05-21-09:32

(C:\Users\Nielsen\AppData\Roaming\MiKTeX\2.9\tex/generic/tex4ht\html4.4ht
version 2021-02-14-13:56
)
(C:\Users\Nielsen\AppData\Roaming\MiKTeX\2.9\tex/generic/tex4ht\html4-math.4ht
version 2021-01-30-14:17
)) (C:\Users\Nielsen\AppData\Roaming\MiKTeX\2.9\tex/generic/tex4ht\amsfonts.4ht
version 2009-05-21-09:32

(C:\Users\Nielsen\AppData\Roaming\MiKTeX\2.9\tex/generic/tex4ht\html4.4ht
version 2021-02-14-13:56
)
(C:\Users\Nielsen\AppData\Roaming\MiKTeX\2.9\tex/generic/tex4ht\html4-math.4ht
version 2021-01-30-14:17
)) (C:\Users\Nielsen\AppData\Roaming\MiKTeX\2.9\tex/generic/tex4ht\amsmath.4ht
version 2019-12-29-14:17
\tmp:muskip=\muskip18

(C:\Users\Nielsen\AppData\Roaming\MiKTeX\2.9\tex/generic/tex4ht\html4.4ht
version 2021-02-14-13:56
)
(C:\Users\Nielsen\AppData\Roaming\MiKTeX\2.9\tex/generic/tex4ht\html4-math.4ht
version 2021-01-30-14:17
LaTeX Info: Redefining \[ on input line 503.
LaTeX Info: Redefining \] on input line 503.
)) (C:\Users\Nielsen\AppData\Roaming\MiKTeX\2.9\tex/generic/tex4ht\amstext.4ht
version 2009-05-21-09:32

(C:\Users\Nielsen\AppData\Roaming\MiKTeX\2.9\tex/generic/tex4ht\html4.4ht
version 2021-02-14-13:56
)
(C:\Users\Nielsen\AppData\Roaming\MiKTeX\2.9\tex/generic/tex4ht\html4-math.4ht
version 2021-01-30-14:17
)) (C:\Users\Nielsen\AppData\Roaming\MiKTeX\2.9\tex/generic/tex4ht\amsbsy.4ht
version 2009-05-21-09:32

(C:\Users\Nielsen\AppData\Roaming\MiKTeX\2.9\tex/generic/tex4ht\html4.4ht
version 2021-02-14-13:56
)
(C:\Users\Nielsen\AppData\Roaming\MiKTeX\2.9\tex/generic/tex4ht\html4-math.4ht
version 2021-01-30-14:17
)) (C:\Users\Nielsen\AppData\Roaming\MiKTeX\2.9\tex/generic/tex4ht\amsopn.4ht
version 2009-05-21-09:32

(C:\Users\Nielsen\AppData\Roaming\MiKTeX\2.9\tex/generic/tex4ht\html4.4ht
version 2021-02-14-13:56
)
(C:\Users\Nielsen\AppData\Roaming\MiKTeX\2.9\tex/generic/tex4ht\html4-math.4ht
version 2021-01-30-14:17
)) (C:\Users\Nielsen\AppData\Roaming\MiKTeX\2.9\tex/generic/tex4ht\url.4ht
version 2009-05-21-09:32

(C:\Users\Nielsen\AppData\Roaming\MiKTeX\2.9\tex/generic/tex4ht\html4.4ht
version 2021-02-14-13:56
--------------------------------------
--- Note --- for URL encoding within href use the command line option `url-enc'

--------------------------------------
)
(C:\Users\Nielsen\AppData\Roaming\MiKTeX\2.9\tex/generic/tex4ht\html4-math.4ht
version 2021-01-30-14:17
)) (C:\Users\Nielsen\AppData\Roaming\MiKTeX\2.9\tex/generic/tex4ht\html4.4ht
version 2021-02-14-13:56
)
(C:\Users\Nielsen\AppData\Roaming\MiKTeX\2.9\tex/generic/tex4ht\html4-math.4ht
version 2021-01-30-14:17
))
(C:\Users\Nielsen\AppData\Roaming\MiKTeX\2.9\tex/latex/l3backend\l3backend-dvip
s.def
File: l3backend-dvips.def 2021-03-18 L3 backend support: dvips
\l__pdf_internal_box=\box49
\g__pdf_backend_object_int=\count267
\l__pdf_backend_content_box=\box50
\l__pdf_backend_model_box=\box51
\g__pdf_backend_annotation_int=\count268
\g__pdf_backend_link_int=\count269
\g__pdf_backend_link_sf_int=\count270
) (HilbertSimplexDistance.aux)
\openout1 = `HilbertSimplexDistance.aux'.

LaTeX Font Info:    Checking defaults for OML/cmm/m/it on input line 29.
LaTeX Font Info:    ... okay on input line 29.
LaTeX Font Info:    Checking defaults for OMS/cmsy/m/n on input line 29.
LaTeX Font Info:    ... okay on input line 29.
LaTeX Font Info:    Checking defaults for OT1/cmr/m/n on input line 29.
LaTeX Font Info:    ... okay on input line 29.
LaTeX Font Info:    Checking defaults for T1/cmr/m/n on input line 29.
LaTeX Font Info:    ... okay on input line 29.
LaTeX Font Info:    Checking defaults for TS1/cmr/m/n on input line 29.
LaTeX Font Info:    ... okay on input line 29.
LaTeX Font Info:    Checking defaults for OMX/cmex/m/n on input line 29.
LaTeX Font Info:    ... okay on input line 29.
LaTeX Font Info:    Checking defaults for U/cmr/m/n on input line 29.
LaTeX Font Info:    ... okay on input line 29.
--- file HilbertSimplexDistance.css ---
 [1

] [2]
LaTeX Font Info:    Trying to load font information for U+msa on input line 30.


(C:\Program Files\MiKTeX 2.9\tex/latex/amsfonts\umsa.fd
File: umsa.fd 2013/01/14 v3.01 AMS symbols A
)
LaTeX Font Info:    Trying to load font information for U+msb on input line 30.


(C:\Program Files\MiKTeX 2.9\tex/latex/amsfonts\umsb.fd
File: umsb.fd 2013/01/14 v3.01 AMS symbols B
)
l. 40 Writing HilbertSimplexDistance.idv[1] (HilbertSimplexDistance0x.png)
 [3]
l. 51 Writing HilbertSimplexDistance.idv[2] (HilbertSimplexDistance1x.png)
l. 57 Writing HilbertSimplexDistance.idv[3] (HilbertSimplexDistance2x.png)
LaTeX Font Info:    Font shape `OT1/cmtt/bx/n' in size <10> not available
(Font)              Font shape `OT1/cmtt/m/n' tried instead on input line 70.
l. 71 Writing HilbertSimplexDistance.idv[4] (HilbertSimplexDistance3x.png)
l. 72 Writing HilbertSimplexDistance.idv[5] (HilbertSimplexDistance4x.png)
 [4]
l. 77 Writing HilbertSimplexDistance.idv[6] (HilbertSimplexDistance5x.png)
l. 82 Writing HilbertSimplexDistance.idv[7] (HilbertSimplexDistance6x.png)
l. 86 Writing HilbertSimplexDistance.idv[8] (HilbertSimplexDistance7x.png)
l. 92 Writing HilbertSimplexDistance.idv[9] (HilbertSimplexDistance8x.png)
 [5]
(HilbertSimplexDistance.bbl) [6] (HilbertSimplexDistance.aux) ) 
Here is how much of TeX's memory you used:
 5638 strings out of 479296
 69076 string characters out of 2863330
 489153 words of memory out of 3000000
 23026 multiletter control sequences out of 15000+600000
 412276 words of font info for 62 fonts, out of 8000000 for 9000
 1141 hyphenation exceptions out of 8191
 72i,8n,93p,789b,568s stack positions out of 5000i,500n,10000p,200000b,80000s

Output written on HilbertSimplexDistance.dvi (6 pages, 25700 bytes).
