This is pdfTeX, Version 3.14159265-2.6-1.40.18 (MiKTeX 2.9.6350 64-bit) (preloaded format=pdflatex 2017.9.19)  3 JUL 2018 11:11
entering extended mode
**./11-NielsenSun.tex
(11-NielsenSun.tex
LaTeX2e <2017-04-15>
Babel <3.10> and hyphenation patterns for 75 language(s) loaded.
(svmult.cls
Document Class: svmult 2007/06/25 v5.4 
Springer Verlag global LaTeX document class for multi authored books
Class Springer-SVMult Info: extra/valid Springer sub-package 
(Springer-SVMult)           not found in option list - using "global" style.
("C:\Users\Frank Nielsen\AppData\Local\Programs\MiKTeX 2.9\tex\latex\base\article.cls"
Document Class: article 2014/09/29 v1.4h Standard LaTeX document class
("C:\Users\Frank Nielsen\AppData\Local\Programs\MiKTeX 2.9\tex\latex\base\size10.clo"
File: size10.clo 2014/09/29 v1.4h Standard LaTeX file (size option)
)
\c@part=\count79
\c@section=\count80
\c@subsection=\count81
\c@subsubsection=\count82
\c@paragraph=\count83
\c@subparagraph=\count84
\c@figure=\count85
\c@table=\count86
\abovecaptionskip=\skip41
\belowcaptionskip=\skip42
\bibindent=\dimen102
)
\svparindent=\dimen103
\bibindent=\dimen104
\betweenumberspace=\dimen105
\headlineindent=\dimen106
\minitoc=\write3
\c@minitocdepth=\count87
\c@chapter=\count88
\mottowidth=\dimen107
\svitemindent=\dimen108
\verbatimindent=\dimen109
LaTeX Font Info:    Redeclaring math symbol \Gamma on input line 963.
LaTeX Font Info:    Redeclaring math symbol \Delta on input line 964.
LaTeX Font Info:    Redeclaring math symbol \Theta on input line 965.
LaTeX Font Info:    Redeclaring math symbol \Lambda on input line 966.
LaTeX Font Info:    Redeclaring math symbol \Xi on input line 967.
LaTeX Font Info:    Redeclaring math symbol \Pi on input line 968.
LaTeX Font Info:    Redeclaring math symbol \Sigma on input line 969.
LaTeX Font Info:    Redeclaring math symbol \Upsilon on input line 970.
LaTeX Font Info:    Redeclaring math symbol \Phi on input line 971.
LaTeX Font Info:    Redeclaring math symbol \Psi on input line 972.
LaTeX Font Info:    Redeclaring math symbol \Omega on input line 973.
\tocchpnum=\dimen110
\tocsecnum=\dimen111
\tocsectotal=\dimen112
\tocsubsecnum=\dimen113
\tocsubsectotal=\dimen114
\tocsubsubsecnum=\dimen115
\tocsubsubsectotal=\dimen116
\tocparanum=\dimen117
\tocparatotal=\dimen118
\tocsubparanum=\dimen119
\foot@parindent=\dimen120
\spthmsep=\dimen121
\c@theorem=\count89
\c@case=\count90
\c@conjecture=\count91
\c@corollary=\count92
\c@definition=\count93
\c@example=\count94
\c@exercise=\count95
\c@lemma=\count96
\c@note=\count97
\c@problem=\count98
\c@property=\count99
\c@proposition=\count100
\c@question=\count101
\c@solution=\count102
\c@remark=\count103
\c@prob=\count104
\instindent=\dimen122
\figgap=\dimen123
\bildb@x=\box26
\figcapgap=\dimen124
\tabcapgap=\dimen125
\c@merk=\count105
\c@@inst=\count106
\c@@auth=\count107
\c@auco=\count108
\instindent=\dimen126
\authrun=\box27
\authorrunning=\toks14
\tocauthor=\toks15
\titrun=\box28
\titlerunning=\toks16
\toctitle=\toks17
\c@contribution=\count109
LaTeX Info: Redefining \abstract on input line 2320.
)
("C:\Users\Frank Nielsen\AppData\Local\Programs\MiKTeX 2.9\tex\latex\graphics\color.sty"
Package: color 2016/07/10 v1.1e Standard LaTeX Color (DPC)

("C:\Users\Frank Nielsen\AppData\Local\Programs\MiKTeX 2.9\tex\latex\graphics-cfg\color.cfg"
File: color.cfg 2016/01/02 v1.6 sample color configuration
)
Package color Info: Driver file: pdftex.def on input line 147.

("C:\Users\Frank Nielsen\AppData\Local\Programs\MiKTeX 2.9\tex\latex\graphics-def\pdftex.def"
File: pdftex.def 2017/01/12 v0.06k Graphics/color for pdfTeX

("C:\Users\Frank Nielsen\AppData\Local\Programs\MiKTeX 2.9\tex\generic\oberdiek\infwarerr.sty"
Package: infwarerr 2016/05/16 v1.4 Providing info/warning/error messages (HO)
)
("C:\Users\Frank Nielsen\AppData\Local\Programs\MiKTeX 2.9\tex\generic\oberdiek\ltxcmds.sty"
Package: ltxcmds 2016/05/16 v1.23 LaTeX kernel commands for general use (HO)
)
\Gread@gobject=\count110
))
("C:\Program Files\MiKTeX 2.9\tex\latex\framed\framed.sty"
Package: framed 2011/10/22 v 0.96: framed or shaded text with page breaks
\OuterFrameSep=\skip43
\fb@frw=\dimen127
\fb@frh=\dimen128
\FrameRule=\dimen129
\FrameSep=\dimen130
)
("C:\Users\Frank Nielsen\AppData\Local\Programs\MiKTeX 2.9\tex\latex\psnfss\times.sty"
Package: times 2005/04/12 PSNFSS-v9.2a (SPQR) 
)
("C:\Users\Frank Nielsen\AppData\Local\Programs\MiKTeX 2.9\tex\latex\amsfonts\amssymb.sty"
Package: amssymb 2013/01/14 v3.01 AMS font symbols

("C:\Users\Frank Nielsen\AppData\Local\Programs\MiKTeX 2.9\tex\latex\amsfonts\amsfonts.sty"
Package: amsfonts 2013/01/14 v3.01 Basic AMSFonts support
\@emptytoks=\toks18
\symAMSa=\mathgroup4
\symAMSb=\mathgroup5
LaTeX Font Info:    Overwriting math alphabet `\mathfrak' in version `bold'
(Font)                  U/euf/m/n --> U/euf/b/n on input line 106.
))
("C:\Program Files\MiKTeX 2.9\tex\latex\url\url.sty"
\Urlmuskip=\muskip10
Package: url 2013/09/16  ver 3.4  Verb mode for urls, etc.
)
("C:\Users\Frank Nielsen\AppData\Local\Programs\MiKTeX 2.9\tex\latex\amsmath\amsmath.sty"
Package: amsmath 2016/11/05 v2.16a AMS math features
\@mathmargin=\skip44

For additional information on amsmath, use the `?' option.
("C:\Users\Frank Nielsen\AppData\Local\Programs\MiKTeX 2.9\tex\latex\amsmath\amstext.sty"
Package: amstext 2000/06/29 v2.01 AMS text

("C:\Users\Frank Nielsen\AppData\Local\Programs\MiKTeX 2.9\tex\latex\amsmath\amsgen.sty"
File: amsgen.sty 1999/11/30 v2.0 generic functions
\@emptytoks=\toks19
\ex@=\dimen131
))
("C:\Users\Frank Nielsen\AppData\Local\Programs\MiKTeX 2.9\tex\latex\amsmath\amsbsy.sty"
Package: amsbsy 1999/11/29 v1.2d Bold Symbols
\pmbraise@=\dimen132
)
("C:\Users\Frank Nielsen\AppData\Local\Programs\MiKTeX 2.9\tex\latex\amsmath\amsopn.sty"
Package: amsopn 2016/03/08 v2.02 operator names
)
\inf@bad=\count111
LaTeX Info: Redefining \frac on input line 213.
\uproot@=\count112
\leftroot@=\count113
LaTeX Info: Redefining \overline on input line 375.
\classnum@=\count114
\DOTSCASE@=\count115
LaTeX Info: Redefining \ldots on input line 472.
LaTeX Info: Redefining \dots on input line 475.
LaTeX Info: Redefining \cdots on input line 596.
\Mathstrutbox@=\box29
\strutbox@=\box30
\big@size=\dimen133
LaTeX Font Info:    Redeclaring font encoding OML on input line 712.
LaTeX Font Info:    Redeclaring font encoding OMS on input line 713.


Package amsmath Warning: Unable to redefine math accent \vec.

\macc@depth=\count116
\c@MaxMatrixCols=\count117
\dotsspace@=\muskip11
\c@parentequation=\count118
\dspbrk@lvl=\count119
\tag@help=\toks20
\row@=\count120
\column@=\count121
\maxfields@=\count122
\andhelp@=\toks21
\eqnshift@=\dimen134
\alignsep@=\dimen135
\tagshift@=\dimen136
\tagwidth@=\dimen137
\totwidth@=\dimen138
\lineht@=\dimen139
\@envbody=\toks22
\multlinegap=\skip45
\multlinetaggap=\skip46
\mathdisplay@stack=\toks23
LaTeX Info: Redefining \[ on input line 2817.
LaTeX Info: Redefining \] on input line 2818.
) ("C:\Users\Frank Nielsen\AppData\Local\Programs\MiKTeX 2.9\tex\latex\graphics\graphicx.sty"
Package: graphicx 2014/10/28 v1.0g Enhanced LaTeX Graphics (DPC,SPQR)

("C:\Users\Frank Nielsen\AppData\Local\Programs\MiKTeX 2.9\tex\latex\graphics\keyval.sty"
Package: keyval 2014/10/28 v1.15 key=value parser (DPC)
\KV@toks@=\toks24
)
("C:\Users\Frank Nielsen\AppData\Local\Programs\MiKTeX 2.9\tex\latex\graphics\graphics.sty"
Package: graphics 2017/04/14 v1.1b Standard LaTeX Graphics (DPC,SPQR)

("C:\Users\Frank Nielsen\AppData\Local\Programs\MiKTeX 2.9\tex\latex\graphics\trig.sty"
Package: trig 2016/01/03 v1.10 sin cos tan (DPC)
)
("C:\Users\Frank Nielsen\AppData\Local\Programs\MiKTeX 2.9\tex\latex\graphics-cfg\graphics.cfg"
File: graphics.cfg 2016/06/04 v1.11 sample graphics configuration
)
Package graphics Info: Driver file: pdftex.def on input line 99.
)
\Gin@req@height=\dimen140
\Gin@req@width=\dimen141
)
("C:\Users\Frank Nielsen\AppData\Local\Programs\MiKTeX 2.9\tex\generic\oberdiek\ifpdf.sty"
Package: ifpdf 2017/03/15 v3.2 Provides the ifpdf switch
)
("C:\Program Files\MiKTeX 2.9\tex\latex\booktabs\booktabs.sty"
Package: booktabs 2005/04/14 v1.61803 publication quality tables
\heavyrulewidth=\dimen142
\lightrulewidth=\dimen143
\cmidrulewidth=\dimen144
\belowrulesep=\dimen145
\belowbottomsep=\dimen146
\aboverulesep=\dimen147
\abovetopsep=\dimen148
\cmidrulesep=\dimen149
\cmidrulekern=\dimen150
\defaultaddspace=\dimen151
\@cmidla=\count123
\@cmidlb=\count124
\@aboverulesep=\dimen152
\@belowrulesep=\dimen153
\@thisruleclass=\count125
\@lastruleclass=\count126
\@thisrulewidth=\dimen154
)
("C:\Users\Frank Nielsen\AppData\Local\Programs\MiKTeX 2.9\tex\latex\tools\bm.sty"
Package: bm 2017/01/16 v1.2c Bold Symbol Support (DPC/FMi)
\symboldoperators=\mathgroup6
\symboldletters=\mathgroup7
\symboldsymbols=\mathgroup8
LaTeX Font Info:    Redeclaring math alphabet \mathbf on input line 141.
LaTeX Info: Redefining \bm on input line 207.
)
("C:\Program Files\MiKTeX 2.9\tex\latex\algorithm2e\algorithm2e.sty"
Package: algorithm2e 2017/07/18 v5.2 algorithms environments
\c@AlgoLine=\count127

("C:\Users\Frank Nielsen\AppData\Local\Programs\MiKTeX 2.9\tex\latex\base\ifthen.sty"
Package: ifthen 2014/09/29 v1.1c Standard LaTeX ifthen package (DPC)
)
\algocf@hangindent=\skip47

("C:\Program Files\MiKTeX 2.9\tex\latex\ifoddpage\ifoddpage.sty"
Package: ifoddpage 2016/04/23 v1.1 Conditionals for odd/even page detection
\c@checkoddpage=\count128
)
("C:\Users\Frank Nielsen\AppData\Local\Programs\MiKTeX 2.9\tex\latex\tools\xspace.sty"
Package: xspace 2014/10/28 v1.13 Space after command names (DPC,MH)
)
("C:\Users\Frank Nielsen\AppData\Local\Programs\MiKTeX 2.9\tex\latex\ltxmisc\relsize.sty"
Package: relsize 2003/07/04 ver 3.1


Package relsize Warning: Failed to get list of font sizes.
(relsize)                Falling back to old definition. on input line 81.

)
\skiptotal=\skip48
\skiplinenumber=\skip49
\skiprule=\skip50
\skiphlne=\skip51
\skiptext=\skip52
\skiplength=\skip53
\algomargin=\skip54
\skipalgocfslide=\skip55
\algowidth=\dimen155
\inoutsize=\dimen156
\inoutindent=\dimen157
\interspacetitleruled=\dimen158
\interspacealgoruled=\dimen159
\interspacetitleboxruled=\dimen160
\algocf@ruledwidth=\skip56
\algocf@inoutbox=\box31
\algocf@inputbox=\box32
\AlCapSkip=\skip57
\AlCapHSkip=\skip58
\algoskipindent=\skip59
\algocf@nlbox=\box33
\algocf@hangingbox=\box34
\algocf@untilbox=\box35
\algocf@skipuntil=\skip60
\algocf@capbox=\box36
\algocf@lcaptionbox=\skip61
\algoheightruledefault=\skip62
\algoheightrule=\skip63
\algotitleheightruledefault=\skip64
\algotitleheightrule=\skip65
\c@algocfline=\count129
\c@algocfproc=\count130
\c@algocf=\count131
\algocf@algoframe=\box37
\algocf@algobox=\box38
) ("C:\Program Files\MiKTeX 2.9\tex\latex\caption\caption.sty"
Package: caption 2016/02/21 v3.3-144 Customizing captions (AR)

("C:\Program Files\MiKTeX 2.9\tex\latex\caption\caption3.sty"
Package: caption3 2016/05/22 v1.7-166 caption3 kernel (AR)
Package caption3 Info: TeX engine: e-TeX on input line 67.
\captionmargin=\dimen161
\captionmargin@=\dimen162
\captionwidth=\dimen163
\caption@tempdima=\dimen164
\caption@indent=\dimen165
\caption@parindent=\dimen166
\caption@hangindent=\dimen167
Package caption Info: Unknown document class (or package),
(caption)             standard defaults will be used.
)

Package caption Warning: Unsupported document class (or package) detected,
(caption)                usage of the caption package is not recommended.
See the caption package documentation for explanation.

Package caption Info: \@makecaption = \long macro:#1#2->\captionstyle \ifx \@captype \fig@type \vskip \figcapgap \fi \se
tbox \@tempboxa \hbox {{\floatlegendstyle #1\floatcounterend }\capstrut #2}\ifdim \wd \@tempboxa >\hsize {\floatlegendst
yle #1\floatcounterend }\capstrut #2\par \else \hbox to\hsize {\leftlegendglue \unhbox \@tempboxa \hfil }\fi \ifx \@capt
ype \fig@type \else \vskip \tabcapgap \fi .
\c@ContinuedFloat=\count132
) ("C:\Program Files\MiKTeX 2.9\tex\latex\caption\subcaption.sty"
Package: subcaption 2016/05/22 v1.1-161 Sub-captions (AR)
\c@subfigure=\count133
\c@subtable=\count134
)
("C:\Users\Frank Nielsen\AppData\Local\Programs\MiKTeX 2.9\tex\latex\multirow\multirow.sty"
Package: multirow 2016/11/25 v2.2 Span multiple rows of a table
\multirow@colwidth=\skip66
\multirow@cntb=\count135
\multirow@dima=\skip67
\bigstrutjot=\dimen168
)
("C:\Users\Frank Nielsen\AppData\Local\Programs\MiKTeX 2.9\tex\latex\psnfss\mathptmx.sty"
Package: mathptmx 2005/04/12 PSNFSS-v9.2a Times w/ Math, improved (SPQR, WaS) 
LaTeX Font Info:    Redeclaring symbol font `operators' on input line 28.
LaTeX Font Info:    Overwriting symbol font `operators' in version `normal'
(Font)                  OT1/cmr/m/n --> OT1/ztmcm/m/n on input line 28.
LaTeX Font Info:    Overwriting symbol font `operators' in version `bold'
(Font)                  OT1/cmr/bx/n --> OT1/ztmcm/m/n on input line 28.
LaTeX Font Info:    Redeclaring symbol font `letters' on input line 29.
LaTeX Font Info:    Overwriting symbol font `letters' in version `normal'
(Font)                  OML/cmm/m/it --> OML/ztmcm/m/it on input line 29.
LaTeX Font Info:    Overwriting symbol font `letters' in version `bold'
(Font)                  OML/cmm/b/it --> OML/ztmcm/m/it on input line 29.
LaTeX Font Info:    Redeclaring symbol font `symbols' on input line 30.
LaTeX Font Info:    Overwriting symbol font `symbols' in version `normal'
(Font)                  OMS/cmsy/m/n --> OMS/ztmcm/m/n on input line 30.
LaTeX Font Info:    Overwriting symbol font `symbols' in version `bold'
(Font)                  OMS/cmsy/b/n --> OMS/ztmcm/m/n on input line 30.
LaTeX Font Info:    Redeclaring symbol font `largesymbols' on input line 31.
LaTeX Font Info:    Overwriting symbol font `largesymbols' in version `normal'
(Font)                  OMX/cmex/m/n --> OMX/ztmcm/m/n on input line 31.
LaTeX Font Info:    Overwriting symbol font `largesymbols' in version `bold'
(Font)                  OMX/cmex/m/n --> OMX/ztmcm/m/n on input line 31.
\symbold=\mathgroup9
\symitalic=\mathgroup10
LaTeX Font Info:    Redeclaring math alphabet \mathbf on input line 34.
LaTeX Font Info:    Redeclaring math alphabet \mathit on input line 35.
LaTeX Font Info:    Overwriting math alphabet `\mathit' in version `normal'
(Font)                  OT1/cmr/m/it --> OT1/ptm/m/it on input line 35.
LaTeX Font Info:    Overwriting math alphabet `\mathit' in version `bold'
(Font)                  OT1/cmr/bx/it --> OT1/ptm/m/it on input line 35.
LaTeX Info: Redefining \hbar on input line 50.
)
("C:\Users\Frank Nielsen\AppData\Local\Programs\MiKTeX 2.9\tex\latex\psnfss\helvet.sty"
Package: helvet 2005/04/12 PSNFSS-v9.2a (WaS) 
)
("C:\Users\Frank Nielsen\AppData\Local\Programs\MiKTeX 2.9\tex\latex\psnfss\courier.sty"
Package: courier 2005/04/12 PSNFSS-v9.2a (WaS) 
)
("C:\Program Files\MiKTeX 2.9\tex\latex\type1cm\type1cm.sty"
Package: type1cm 2002/09/05 v0.04 BlueSky/Y&Y Type1 CM font definitions (DPC, patched RF)
)
("C:\Users\Frank Nielsen\AppData\Local\Programs\MiKTeX 2.9\tex\latex\base\makeidx.sty"
Package: makeidx 2014/09/29 v1.0m Standard LaTeX package
)
("C:\Users\Frank Nielsen\AppData\Local\Programs\MiKTeX 2.9\tex\latex\tools\multicol.sty"
Package: multicol 2017/04/11 v1.8q multicolumn formatting (FMi)
\c@tracingmulticols=\count136
\mult@box=\box39
\multicol@leftmargin=\dimen169
\c@unbalance=\count137
\c@collectmore=\count138
\doublecol@number=\count139
\multicoltolerance=\count140
\multicolpretolerance=\count141
\full@width=\dimen170
\page@free=\dimen171
\premulticols=\dimen172
\postmulticols=\dimen173
\multicolsep=\skip68
\multicolbaselineskip=\skip69
\partial@page=\box40
\last@line=\box41
\maxbalancingoverflow=\dimen174
\mult@rightbox=\box42
\mult@grightbox=\box43
\mult@gfirstbox=\box44
\mult@firstbox=\box45
\@tempa=\box46
\@tempa=\box47
\@tempa=\box48
\@tempa=\box49
\@tempa=\box50
\@tempa=\box51
\@tempa=\box52
\@tempa=\box53
\@tempa=\box54
\@tempa=\box55
\@tempa=\box56
\@tempa=\box57
\@tempa=\box58
\@tempa=\box59
\@tempa=\box60
\@tempa=\box61
\@tempa=\box62
\c@columnbadness=\count142
\c@finalcolumnbadness=\count143
\last@try=\dimen175
\multicolovershoot=\dimen176
\multicolundershoot=\dimen177
\mult@nat@firstbox=\box63
\colbreak@box=\box64
\mc@col@check@num=\count144
)
("C:\Program Files\MiKTeX 2.9\tex\latex\footmisc\footmisc.sty"
Package: footmisc 2011/06/06 v5.5b a miscellany of footnote facilities
\FN@temptoken=\toks25
\footnotemargin=\dimen178
\c@pp@next@reset=\count145
Package footmisc Info: Declaring symbol style bringhurst on input line 855.
Package footmisc Info: Declaring symbol style chicago on input line 863.
Package footmisc Info: Declaring symbol style wiley on input line 872.
Package footmisc Info: Declaring symbol style lamport-robust on input line 883.
Package footmisc Info: Declaring symbol style lamport* on input line 903.
Package footmisc Info: Declaring symbol style lamport*-robust on input line 924.
)
\@indexfile=\write4
\openout4 = `11-NielsenSun.idx'.


Writing index file 11-NielsenSun.idx
(11-NielsenSun.aux)
\openout1 = `11-NielsenSun.aux'.

LaTeX Font Info:    Checking defaults for OML/cmm/m/it on input line 88.
LaTeX Font Info:    ... okay on input line 88.
LaTeX Font Info:    Checking defaults for T1/cmr/m/n on input line 88.
LaTeX Font Info:    ... okay on input line 88.
LaTeX Font Info:    Checking defaults for OT1/cmr/m/n on input line 88.
LaTeX Font Info:    ... okay on input line 88.
LaTeX Font Info:    Checking defaults for OMS/cmsy/m/n on input line 88.
LaTeX Font Info:    ... okay on input line 88.
LaTeX Font Info:    Checking defaults for OMX/cmex/m/n on input line 88.
LaTeX Font Info:    ... okay on input line 88.
LaTeX Font Info:    Checking defaults for U/cmr/m/n on input line 88.
LaTeX Font Info:    ... okay on input line 88.
LaTeX Font Info:    Try loading font information for OT1+ptm on input line 88.
 ("C:\Users\Frank Nielsen\AppData\Local\Programs\MiKTeX 2.9\tex\latex\psnfss\ot1ptm.fd"
File: ot1ptm.fd 2001/06/04 font definitions for OT1/ptm.
)
("C:\Program Files\MiKTeX 2.9\tex\context\base\supp-pdf.mkii"
[Loading MPS to PDF converter (version 2006.09.02).]
\scratchcounter=\count146
\scratchdimen=\dimen179
\scratchbox=\box65
\nofMPsegments=\count147
\nofMParguments=\count148
\everyMPshowfont=\toks26
\MPscratchCnt=\count149
\MPscratchDim=\dimen180
\MPnumerator=\count150
\makeMPintoPDFobject=\count151
\everyMPtoPDFconversion=\toks27
) ("C:\Users\Frank Nielsen\AppData\Local\Programs\MiKTeX 2.9\tex\generic\oberdiek\pdftexcmds.sty"
Package: pdftexcmds 2017/03/19 v0.25 Utility functions of pdfTeX for LuaTeX (HO)

("C:\Users\Frank Nielsen\AppData\Local\Programs\MiKTeX 2.9\tex\generic\oberdiek\ifluatex.sty"
Package: ifluatex 2016/05/16 v1.4 Provides the ifluatex switch (HO)
Package ifluatex Info: LuaTeX not detected.
)
Package pdftexcmds Info: LuaTeX not detected.
Package pdftexcmds Info: \pdf@primitive is available.
Package pdftexcmds Info: \pdf@ifprimitive is available.
Package pdftexcmds Info: \pdfdraftmode found.
)
("C:\Users\Frank Nielsen\AppData\Local\Programs\MiKTeX 2.9\tex\latex\oberdiek\epstopdf-base.sty"
Package: epstopdf-base 2016/05/15 v2.6 Base part for package epstopdf

("C:\Users\Frank Nielsen\AppData\Local\Programs\MiKTeX 2.9\tex\latex\oberdiek\grfext.sty"
Package: grfext 2016/05/16 v1.2 Manage graphics extensions (HO)

("C:\Users\Frank Nielsen\AppData\Local\Programs\MiKTeX 2.9\tex\generic\oberdiek\kvdefinekeys.sty"
Package: kvdefinekeys 2016/05/16 v1.4 Define keys (HO)
))
("C:\Users\Frank Nielsen\AppData\Local\Programs\MiKTeX 2.9\tex\latex\oberdiek\kvoptions.sty"
Package: kvoptions 2016/05/16 v3.12 Key value format for package options (HO)

("C:\Users\Frank Nielsen\AppData\Local\Programs\MiKTeX 2.9\tex\generic\oberdiek\kvsetkeys.sty"
Package: kvsetkeys 2016/05/16 v1.17 Key value parser (HO)

("C:\Users\Frank Nielsen\AppData\Local\Programs\MiKTeX 2.9\tex\generic\oberdiek\etexcmds.sty"
Package: etexcmds 2016/05/16 v1.6 Avoid name clashes with e-TeX commands (HO)
Package etexcmds Info: Could not find \expanded.
(etexcmds)             That can mean that you are not using pdfTeX 1.50 or
(etexcmds)             that some package has redefined \expanded.
(etexcmds)             In the latter case, load this package earlier.
)))
Package epstopdf-base Info: Redefining graphics rule for `.eps' on input line 438.
Package grfext Info: Graphics extension search list:
(grfext)             [.png,.pdf,.jpg,.mps,.jpeg,.jbig2,.jb2,.PNG,.PDF,.JPG,.JPEG,.JBIG2,.JB2,.eps]
(grfext)             \AppendGraphicsExtensions on input line 456.
)
Package caption Info: Begin \AtBeginDocument code.
Package caption Info: Incompatible package detected (regarding \@caption).
(caption)             \@caption = \long macro:#1[#2]#3->\par \addcontentsline {\csname ext@#1\endcsname }{#1}{\protect \
numberline {\csname the#1\endcsname }{\ignorespaces #2}}\begingroup \@parboxrestore \if@minipage \@setminipage \fi \@mak
ecaption {\csname fnum@#1\endcsname }{\ignorespaces #3}\par \endgroup .


Package caption Warning: Forced redefinition of \caption since the
(caption)                unsupported(!) package option `compatibility=false'
(caption)                was given.
See the caption package documentation for explanation.

Package caption Info: End \AtBeginDocument code.
LaTeX Font Info:    Font shape `OT1/ptm/bx/n' in size <14> not available
(Font)              Font shape `OT1/ptm/b/n' tried instead on input line 100.

Package mathptmx Warning: There are no bold math fonts on input line 100.

LaTeX Font Info:    Font shape `OT1/ptm/bx/n' in size <16> not available
(Font)              Font shape `OT1/ptm/b/n' tried instead on input line 100.
LaTeX Font Info:    Calculating math sizes for size <8.5> on input line 100.
LaTeX Font Info:    Try loading font information for OT1+ztmcm on input line 100.
("C:\Users\Frank Nielsen\AppData\Local\Programs\MiKTeX 2.9\tex\latex\psnfss\ot1ztmcm.fd"
File: ot1ztmcm.fd 2000/01/03 Fontinst v1.801 font definitions for OT1/ztmcm.
)
LaTeX Font Info:    Try loading font information for OML+ztmcm on input line 100.

("C:\Users\Frank Nielsen\AppData\Local\Programs\MiKTeX 2.9\tex\latex\psnfss\omlztmcm.fd"
File: omlztmcm.fd 2000/01/03 Fontinst v1.801 font definitions for OML/ztmcm.
)
LaTeX Font Info:    Try loading font information for OMS+ztmcm on input line 100.

("C:\Users\Frank Nielsen\AppData\Local\Programs\MiKTeX 2.9\tex\latex\psnfss\omsztmcm.fd"
File: omsztmcm.fd 2000/01/03 Fontinst v1.801 font definitions for OMS/ztmcm.
)
LaTeX Font Info:    Try loading font information for OMX+ztmcm on input line 100.

("C:\Users\Frank Nielsen\AppData\Local\Programs\MiKTeX 2.9\tex\latex\psnfss\omxztmcm.fd"
File: omxztmcm.fd 2000/01/03 Fontinst v1.801 font definitions for OMX/ztmcm.
)
LaTeX Font Info:    Font shape `OT1/ptm/bx/n' in size <8.5> not available
(Font)              Font shape `OT1/ptm/b/n' tried instead on input line 100.
LaTeX Font Info:    Font shape `OT1/ptm/bx/n' in size <6.29004> not available
(Font)              Font shape `OT1/ptm/b/n' tried instead on input line 100.
LaTeX Font Info:    Font shape `OT1/ptm/bx/n' in size <5.10005> not available
(Font)              Font shape `OT1/ptm/b/n' tried instead on input line 100.
LaTeX Font Info:    Try loading font information for OT1+pcr on input line 100.

("C:\Users\Frank Nielsen\AppData\Local\Programs\MiKTeX 2.9\tex\latex\psnfss\ot1pcr.fd"
File: ot1pcr.fd 2001/06/04 font definitions for OT1/pcr.
)
LaTeX Font Info:    Font shape `OT1/ptm/bx/n' in size <10> not available
(Font)              Font shape `OT1/ptm/b/n' tried instead on input line 100.
LaTeX Font Info:    Font shape `OT1/ptm/bx/n' in size <7.4> not available
(Font)              Font shape `OT1/ptm/b/n' tried instead on input line 100.
LaTeX Font Info:    Font shape `OT1/ptm/bx/n' in size <6> not available
(Font)              Font shape `OT1/ptm/b/n' tried instead on input line 100.

Title too long for running head. Please supply
a shorter form with \titlerunning prior to \maketitle
LaTeX Font Info:    Font shape `OT1/ptm/bx/n' in size <12> not available
(Font)              Font shape `OT1/ptm/b/n' tried instead on input line 115.
[1



{C:/Users/Frank Nielsen/AppData/Local/MiKTeX/2.9/pdftex/config/pdftex.map}]
<./figures/kcenters3.png, id=15, 729.2043pt x 182.8431pt>
File: ./figures/kcenters3.png Graphic file (type png)
 <use ./figures/kcenters3.png>
Package pdftex.def Info: ./figures/kcenters3.png used on input line 134.
(pdftex.def)             Requested size: 332.89723pt x 83.47272pt.

<./figures/kcenters5.png, id=17, 729.2043pt x 182.8431pt>
File: ./figures/kcenters5.png Graphic file (type png)
 <use ./figures/kcenters5.png>
Package pdftex.def Info: ./figures/kcenters5.png used on input line 138.
(pdftex.def)             Requested size: 332.89723pt x 83.47272pt.
LaTeX Font Info:    Font shape `OT1/ptm/bx/it' in size <12> not available
(Font)              Font shape `OT1/ptm/b/it' tried instead on input line 160.
 [2 <./figures/kcenters3.png> <./figures/kcenters5.png>] [3] [4]
Overfull \hbox (26.5651pt too wide) in paragraph at lines 283--300
 [][] 
 []

File: ./figures/hg.1 Graphic file (type mps)
[MP to PDF] (figures/hg.1) <./figures/ball.pdf, id=32, 890.9944pt x 173.49863pt>
File: ./figures/ball.pdf Graphic file (type pdf)
 <use ./figures/ball.pdf>
Package pdftex.def Info: ./figures/ball.pdf used on input line 311.
(pdftex.def)             Requested size: 332.89723pt x 64.82355pt.

<./figures/quadrangle.pdf, id=33, 602.25pt x 652.4375pt>
File: ./figures/quadrangle.pdf Graphic file (type pdf)
 <use ./figures/quadrangle.pdf>
Package pdftex.def Info: ./figures/quadrangle.pdf used on input line 319.
(pdftex.def)             Requested size: 83.2243pt x 90.15593pt.

<./figures/square.pdf, id=34, 602.25pt x 652.4375pt>
File: ./figures/square.pdf Graphic file (type pdf)
 <use ./figures/square.pdf>
Package pdftex.def Info: ./figures/square.pdf used on input line 320.
(pdftex.def)             Requested size: 83.2243pt x 90.15593pt.
 [5] [6 <./figures/ball.pdf>]
LaTeX Font Info:    Font shape `OT1/ptm/bx/n' in size <9> not available
(Font)              Font shape `OT1/ptm/b/n' tried instead on input line 342.
LaTeX Font Info:    Font shape `OT1/ptm/bx/n' in size <7> not available
(Font)              Font shape `OT1/ptm/b/n' tried instead on input line 342.
 [7 <./figures/quadrangle.pdf> <./figures/square.pdf>]
Underfull \hbox (badness 1189) in paragraph at lines 398--407
\OT1/ptm/m/n/10 de-note the hy-per-plane sup-port-ing this facet, which is the affine hull $\OML/ztmcm/m/it/10 f[] \OT1/
ztmcm/m/n/10 =
 []

[8] [9] <./figures/categories1.png, id=66, 508.0581pt x 484.9317pt>
File: ./figures/categories1.png Graphic file (type png)
 <use ./figures/categories1.png>
Package pdftex.def Info: ./figures/categories1.png used on input line 492.
(pdftex.def)             Requested size: 332.89723pt x 317.75467pt.

<./figures/categories2.png, id=67, 508.0581pt x 484.9317pt>
File: ./figures/categories2.png Graphic file (type png)
 <use ./figures/categories2.png>
Package pdftex.def Info: ./figures/categories2.png used on input line 500.
(pdftex.def)             Requested size: 332.89723pt x 317.75467pt.
 [10 <./figures/categories1.png>] [11 <./figures/categories2.png>] [12] [13] <./figures/kappa.png, id=83, 488.5452pt x 1
70.19585pt>
File: ./figures/kappa.png Graphic file (type png)

<use ./figures/kappa.png>
Package pdftex.def Info: ./figures/kappa.png used on input line 733.
(pdftex.def)             Requested size: 332.89723pt x 115.97314pt.
 <./figures/plusplus3.png, id=84, 729.2043pt x 182.8431pt>
File: ./figures/plusplus3.png Graphic file (type png)
 <use ./figures/plusplus3.png>
Package pdftex.def Info: ./figures/plusplus3.png used on input line 742.
(pdftex.def)             Requested size: 332.89723pt x 83.47272pt.

<./figures/plusplus5.png, id=85, 722.7pt x 182.8431pt>
File: ./figures/plusplus5.png Graphic file (type png)
 <use ./figures/plusplus5.png>
Package pdftex.def Info: ./figures/plusplus5.png used on input line 746.
(pdftex.def)             Requested size: 332.89723pt x 84.22322pt.

Underfull \hbox (badness 2799) in paragraph at lines 757--762
\OT1/ztmcm/m/n/10 1 \OMS/ztmcm/m/n/10   h\OML/ztmcm/m/it/10 x; y\OMS/ztmcm/m/n/10 i$ \OT1/ptm/m/n/10 for any pair of poi
nts $\OML/ztmcm/m/it/10 x; y$ \OT1/ptm/m/n/10 on the unit sphere. Since $\OMS/ztmcm/m/n/10 h\OML/ztmcm/m/it/10 x; y\OMS/
ztmcm/m/n/10 i \OT1/ztmcm/m/n/10 =
 []

[14] [15 <./figures/kappa.png> <./figures/plusplus3.png> <./figures/plusplus5.png>]
<./figures/convergence.pdf, id=95, 396.79964pt x 233.53624pt>
File: ./figures/convergence.pdf Graphic file (type pdf)
 <use ./figures/convergence.pdf>
Package pdftex.def Info: ./figures/convergence.pdf used on input line 797.
(pdftex.def)             Requested size: 332.89723pt x 195.9339pt.

Underfull \hbox (badness 4242) in paragraph at lines 848--850
[]\OT1/ptm/b/n/10 (SEB in Hilbert poly-tope normed space, [[]]). \OT1/ptm/m/it/10 A $\OT1/ztmcm/m/n/10 (1 + \OML/ztmcm/m
/it/10 \OT1/ztmcm/m/n/10 )$\OT1/ptm/m/it/10 -
 []

[16] [17 <./figures/convergence.pdf>] <./figures/harpe2017.pdf, id=113, 264.69266pt x 491.55333pt>
File: ./figures/harpe2017.pdf Graphic file (type pdf)

<use ./figures/harpe2017.pdf>
Package pdftex.def Info: ./figures/harpe2017.pdf used on input line 893.
(pdftex.def)             Requested size: 79.89462pt x 148.36719pt.
 <./figures/harpe2026.pdf, id=114, 264.69266pt x 491.55333pt>
File: ./figures/harpe2026.pdf Graphic file (type pdf)

<use ./figures/harpe2026.pdf>
Package pdftex.def Info: ./figures/harpe2026.pdf used on input line 894.
(pdftex.def)             Requested size: 79.89462pt x 148.36719pt.
 <./figures/harpe2020.pdf, id=115, 264.69266pt x 491.55333pt>
File: ./figures/harpe2020.pdf Graphic file (type pdf)

<use ./figures/harpe2020.pdf>
Package pdftex.def Info: ./figures/harpe2020.pdf used on input line 898.
(pdftex.def)             Requested size: 79.89462pt x 148.36719pt.
 <./figures/harpe2028.pdf, id=116, 264.69266pt x 491.55333pt>
File: ./figures/harpe2028.pdf Graphic file (type pdf)

<use ./figures/harpe2028.pdf>
Package pdftex.def Info: ./figures/harpe2028.pdf used on input line 899.
(pdftex.def)             Requested size: 79.89462pt x 148.36719pt.
 [18 <./figures/harpe2017.pdf> <./figures/harpe2026.pdf

pdfTeX warning: pdflatex.exe (file ./figures/harpe2026.pdf): PDF inclusion: multiple pdfs with page group included in a 
single page
> <./figures/harpe2020.pdf

pdfTeX warning: pdflatex.exe (file ./figures/harpe2020.pdf): PDF inclusion: multiple pdfs with page group included in a 
single page
> <./figures/harpe2028.pdf

pdfTeX warning: pdflatex.exe (file ./figures/harpe2028.pdf): PDF inclusion: multiple pdfs with page group included in a 
single page
>] <./figures/center1.pdf, id=185, 330.90187pt x 319.31215pt>
File: ./figures/center1.pdf Graphic file (type pdf)
 <use ./figures/center1.pdf>
Package pdftex.def Info: ./figures/center1.pdf used on input line 938.
(pdftex.def)             Requested size: 233.02704pt x 224.87146pt.

<./figures/center2.pdf, id=186, 330.90187pt x 319.31215pt>
File: ./figures/center2.pdf Graphic file (type pdf)
 <use ./figures/center2.pdf>
Package pdftex.def Info: ./figures/center2.pdf used on input line 942.
(pdftex.def)             Requested size: 233.02704pt x 224.87146pt.

<./figures/center3.pdf, id=187, 337.2851pt x 319.31215pt>
File: ./figures/center3.pdf Graphic file (type pdf)
 <use ./figures/center3.pdf>
Package pdftex.def Info: ./figures/center3.pdf used on input line 950.
(pdftex.def)             Requested size: 233.02704pt x 220.6082pt.
 [19] [20 <./figures/center1.pdf> <./figures/center2.pdf

pdfTeX warning: pdflatex.exe (file ./figures/center2.pdf): PDF inclusion: multiple pdfs with page group included in a si
ngle page
>] [21 <./figures/center3.pdf>] <./figures/elliptope30.png, id=278, 299.1978pt x 297.7524pt>
File: ./figures/elliptope30.png Graphic file (type png)

<use ./figures/elliptope30.png>
Package pdftex.def Info: ./figures/elliptope30.png used on input line 1240.
(pdftex.def)             Requested size: 133.15686pt x 132.51529pt.
 <./figures/elliptope60.png, id=279, 299.1978pt x 297.7524pt>
File: ./figures/elliptope60.png Graphic file (type png)

<use ./figures/elliptope60.png>
Package pdftex.def Info: ./figures/elliptope60.png used on input line 1241.
(pdftex.def)             Requested size: 133.15686pt x 132.51529pt.
 [22] [23] [24] [25 <./figures/elliptope30.png> <./figures/elliptope60.png>]
(11-NielsenSun.bbl [26] [27]
Missing character: There is no â in font ptmr7t!
Missing character: There is no € in font ptmr7t!
Missing character: There is no ™ in font ptmr7t!
Missing character: There is no â in font ptmr7t!
Missing character: There is no € in font ptmr7t!
Missing character: There is no ™ in font ptmr7t!
 [28]
Underfull \hbox (badness 2503) in paragraph at lines 253--255
[]\OT1/ptm/m/n/8.5 Papadopoulos, A., Troy-anov, M.: From Funk to Hilbert ge-om-e-try \OT1/ptm/b/n/8.5 arXiv:1406.6983
 []

) [29] [30] [31] <./figures/boundnorm.pdf, id=317, 278.28029pt x 252.51115pt>
File: ./figures/boundnorm.pdf Graphic file (type pdf)
 <use ./figures/boundnorm.pdf>
Package pdftex.def Info: ./figures/boundnorm.pdf used on input line 1464.
(pdftex.def)             Requested size: 166.44861pt x 151.04164pt.
 [32 <./figures/boundnorm.pdf>] [33] (11-NielsenSun.aux) ) 
Here is how much of TeX's memory you used:
 6322 strings out of 493323
 94487 string characters out of 3126541
 219681 words of memory out of 3000000
 9645 multiletter control sequences out of 15000+200000
 82894 words of font info for 193 fonts, out of 3000000 for 9000
 1141 hyphenation exceptions out of 8191
 39i,21n,41p,791b,552s stack positions out of 5000i,500n,10000p,200000b,50000s
{C:/Users/Frank Nielsen/AppData/Local/Programs/MiKTeX 2.9/font
s/enc/dvips/base/8r.enc}<C:/Users/Frank Nielsen/AppData/Local/Programs/MiKTeX 2.9/fonts/type1/public/amsfonts/cmextra/cm
bsy7.pfb><C:/Users/Frank Nielsen/AppData/Local/Programs/MiKTeX 2.9/fonts/type1/public/amsfonts/cm/cmbx8.pfb><C:/Users/Fr
ank Nielsen/AppData/Local/Programs/MiKTeX 2.9/fonts/type1/public/amsfonts/cm/cmex10.pfb><C:/Users/Frank Nielsen/AppData/
Local/Programs/MiKTeX 2.9/fonts/type1/public/amsfonts/cm/cmmi10.pfb><C:/Users/Frank Nielsen/AppData/Local/Programs/MiKTe
X 2.9/fonts/type1/public/amsfonts/cmextra/cmmib7.pfb><C:/Users/Frank Nielsen/AppData/Local/Programs/MiKTeX 2.9/fonts/typ
e1/public/amsfonts/cm/cmr10.pfb><C:/Users/Frank Nielsen/AppData/Local/Programs/MiKTeX 2.9/fonts/type1/public/amsfonts/cm
/cmr7.pfb><C:/Users/Frank Nielsen/AppData/Local/Programs/MiKTeX 2.9/fonts/type1/public/amsfonts/cm/cmsy10.pfb><C:/Users/
Frank Nielsen/AppData/Local/Programs/MiKTeX 2.9/fonts/type1/public/amsfonts/cm/cmsy7.pfb><C:/Users/Frank Nielsen/AppData
/Local/Programs/MiKTeX 2.9/fonts/type1/public/amsfonts/symbols/msbm10.pfb><C:/Users/Frank Nielsen/AppData/Local/Programs
/MiKTeX 2.9/fonts/type1/public/rsfs/rsfs10.pfb><C:/Users/Frank Nielsen/AppData/Local/Programs/MiKTeX 2.9/fonts/type1/urw
/courier/ucrr8a.pfb><C:/Program Files/MiKTeX 2.9/fonts/type1/urw/symbol/usyr.pfb><C:/Program Files/MiKTeX 2.9/fonts/type
1/urw/symbol/usyr.pfb><C:/Users/Frank Nielsen/AppData/Local/Programs/MiKTeX 2.9/fonts/type1/urw/times/utmb8a.pfb><C:/Use
rs/Frank Nielsen/AppData/Local/Programs/MiKTeX 2.9/fonts/type1/urw/times/utmbi8a.pfb><C:/Users/Frank Nielsen/AppData/Loc
al/Programs/MiKTeX 2.9/fonts/type1/urw/times/utmr8a.pfb><C:/Users/Frank Nielsen/AppData/Local/Programs/MiKTeX 2.9/fonts/
type1/urw/times/utmri8a.pfb>
Output written on 11-NielsenSun.pdf (33 pages, 4759544 bytes).
PDF statistics:
 392 PDF objects out of 1000 (max. 8388607)
 0 named destinations out of 1000 (max. 500000)
 106 words of extra memory for PDF output out of 10000 (max. 10000000)

